{INFO}  com.app.main.bankingMain  Please select a choice.  17-01-2021 PST 16:44
{INFO}  com.app.main.bankingMain  1)Apply for a new account  17-01-2021 PST 16:44
{INFO}  com.app.main.bankingMain      2)Customer login  17-01-2021 PST 16:44
{INFO}  com.app.main.bankingMain      3)Employee Login  17-01-2021 PST 16:44
{INFO}  com.app.main.bankingMain                4)Exit  17-01-2021 PST 16:44
{INFO}  com.app.main.bankingMain  Enter your first name.  17-01-2021 PST 16:44
{INFO}  com.app.main.bankingMain  Enter your last name.  17-01-2021 PST 16:44
{INFO}  com.app.main.bankingMain  Enter your email address.  17-01-2021 PST 16:44
{INFO}  com.app.main.bankingMain     Enter a password.  17-01-2021 PST 16:44
{INFO}  com.app.main.bankingMain  Enter your date of birth.  17-01-2021 PST 16:44
{INFO}  com.app.main.bankingMain          Invalid date  17-01-2021 PST 16:44
{INFO}  com.app.main.bankingMain  Enter your date of birth.  17-01-2021 PST 16:44
{INFO}  com.app.main.bankingMain          Invalid date  17-01-2021 PST 16:44
{INFO}  com.app.main.bankingMain  Enter your date of birth.  17-01-2021 PST 16:44
{INFO}  com.app.main.bankingMain          Invalid date  17-01-2021 PST 16:44
{INFO}  com.app.main.bankingMain  Enter your date of birth.  17-01-2021 PST 16:44
{INFO}  com.app.main.bankingMain          Invalid date  17-01-2021 PST 16:44
{INFO}  com.app.main.bankingMain  Enter your date of birth.  17-01-2021 PST 16:44
{INFO}  com.app.main.bankingMain  Enter a starting balance.  17-01-2021 PST 16:44
{INFO}  com.app.dao.impl.CustomerCrudDAOImpl  org.postgresql.util.PSQLException: ERROR: column "dob" of relation "newcustomerrequest" does not exist
  Position: 110  17-01-2021 PST 16:44
{INFO}  com.app.main.bankingMain  Please select a choice.  17-01-2021 PST 16:44
{INFO}  com.app.main.bankingMain  1)Apply for a new account  17-01-2021 PST 16:44
{INFO}  com.app.main.bankingMain      2)Customer login  17-01-2021 PST 16:44
{INFO}  com.app.main.bankingMain      3)Employee Login  17-01-2021 PST 16:44
{INFO}  com.app.main.bankingMain                4)Exit  17-01-2021 PST 16:44
{INFO}  com.app.main.bankingMain  Welcome to Bank of Java.  17-01-2021 PST 16:46
{INFO}  com.app.main.bankingMain  Please select a choice.  17-01-2021 PST 16:46
{INFO}  com.app.main.bankingMain  1)Apply for a new account  17-01-2021 PST 16:46
{INFO}  com.app.main.bankingMain      2)Customer login  17-01-2021 PST 16:46
{INFO}  com.app.main.bankingMain      3)Employee Login  17-01-2021 PST 16:46
{INFO}  com.app.main.bankingMain                4)Exit  17-01-2021 PST 16:46
{INFO}  com.app.main.bankingMain  Enter your first name.  17-01-2021 PST 16:46
{INFO}  com.app.main.bankingMain  Enter your last name.  17-01-2021 PST 16:46
{INFO}  com.app.main.bankingMain  Enter your email address.  17-01-2021 PST 16:46
{INFO}  com.app.main.bankingMain     Enter a password.  17-01-2021 PST 16:46
{INFO}  com.app.main.bankingMain  Enter your date of birth.  17-01-2021 PST 16:46
{INFO}  com.app.main.bankingMain  Enter a starting balance.  17-01-2021 PST 16:46
{INFO}  com.app.service.impl.CustomerCrudServiceImpl  Customer created successfully.  17-01-2021 PST 16:46
{INFO}  com.app.main.bankingMain  Please select a choice.  17-01-2021 PST 16:46
{INFO}  com.app.main.bankingMain  1)Apply for a new account  17-01-2021 PST 16:46
{INFO}  com.app.main.bankingMain      2)Customer login  17-01-2021 PST 16:46
{INFO}  com.app.main.bankingMain      3)Employee Login  17-01-2021 PST 16:46
{INFO}  com.app.main.bankingMain                4)Exit  17-01-2021 PST 16:46
{INFO}  com.app.main.bankingMain        Employee Login  17-01-2021 PST 16:46
{INFO}  com.app.main.bankingMain     Enter your email.  17-01-2021 PST 16:46
{INFO}  com.app.main.bankingMain   Enter your password  17-01-2021 PST 16:46
{INFO}  com.app.main.bankingMain  Employee [employeeId=0, firstName=java, lastName=coder, email=javacoder@email, password=java]  17-01-2021 PST 16:46
{INFO}  com.app.main.bankingMain         Employee Menu  17-01-2021 PST 16:46
{INFO}  com.app.main.bankingMain  1)View customers' balances  17-01-2021 PST 16:46
{INFO}  com.app.main.bankingMain  2)View all transactions  17-01-2021 PST 16:46
{INFO}  com.app.main.bankingMain  3)Delete a customer account  17-01-2021 PST 16:46
{INFO}  com.app.main.bankingMain  4)View new customer requests  17-01-2021 PST 16:46
{INFO}  com.app.main.bankingMain  5)Accept a new customer request  17-01-2021 PST 16:46
{INFO}  com.app.main.bankingMain  6)Reject a new customer request  17-01-2021 PST 16:46
{INFO}  com.app.main.bankingMain                7)Exit  17-01-2021 PST 16:46
{INFO}  com.app.main.bankingMain  4)View new customer requests  17-01-2021 PST 16:46
{INFO}  com.app.main.bankingMain                    []  17-01-2021 PST 16:46
{INFO}  com.app.main.bankingMain         Employee Menu  17-01-2021 PST 16:46
{INFO}  com.app.main.bankingMain  1)View customers' balances  17-01-2021 PST 16:46
{INFO}  com.app.main.bankingMain  2)View all transactions  17-01-2021 PST 16:46
{INFO}  com.app.main.bankingMain  3)Delete a customer account  17-01-2021 PST 16:46
{INFO}  com.app.main.bankingMain  4)View new customer requests  17-01-2021 PST 16:46
{INFO}  com.app.main.bankingMain  5)Accept a new customer request  17-01-2021 PST 16:46
{INFO}  com.app.main.bankingMain  6)Reject a new customer request  17-01-2021 PST 16:46
{INFO}  com.app.main.bankingMain                7)Exit  17-01-2021 PST 16:46
{INFO}  com.app.main.bankingMain  Welcome to Bank of Java.  17-01-2021 PST 16:48
{INFO}  com.app.main.bankingMain  Please select a choice.  17-01-2021 PST 16:48
{INFO}  com.app.main.bankingMain  1)Apply for a new account  17-01-2021 PST 16:48
{INFO}  com.app.main.bankingMain      2)Customer login  17-01-2021 PST 16:48
{INFO}  com.app.main.bankingMain      3)Employee Login  17-01-2021 PST 16:48
{INFO}  com.app.main.bankingMain                4)Exit  17-01-2021 PST 16:48
{INFO}  com.app.main.bankingMain        Employee Login  17-01-2021 PST 16:48
{INFO}  com.app.main.bankingMain     Enter your email.  17-01-2021 PST 16:48
{INFO}  com.app.main.bankingMain   Enter your password  17-01-2021 PST 16:48
{INFO}  com.app.main.bankingMain  Employee [employeeId=0, firstName=java, lastName=coder, email=javacoder@email, password=java]  17-01-2021 PST 16:48
{INFO}  com.app.main.bankingMain         Employee Menu  17-01-2021 PST 16:48
{INFO}  com.app.main.bankingMain  1)View customers' balances  17-01-2021 PST 16:48
{INFO}  com.app.main.bankingMain  2)View all transactions  17-01-2021 PST 16:48
{INFO}  com.app.main.bankingMain  3)Delete a customer account  17-01-2021 PST 16:48
{INFO}  com.app.main.bankingMain  4)View new customer requests  17-01-2021 PST 16:48
{INFO}  com.app.main.bankingMain  5)Accept a new customer request  17-01-2021 PST 16:48
{INFO}  com.app.main.bankingMain  6)Reject a new customer request  17-01-2021 PST 16:48
{INFO}  com.app.main.bankingMain                7)Exit  17-01-2021 PST 16:48
{INFO}  com.app.main.bankingMain  4)View new customer requests  17-01-2021 PST 16:48
{INFO}  com.app.main.bankingMain                    []  17-01-2021 PST 16:48
{INFO}  com.app.main.bankingMain         Employee Menu  17-01-2021 PST 16:48
{INFO}  com.app.main.bankingMain  1)View customers' balances  17-01-2021 PST 16:48
{INFO}  com.app.main.bankingMain  2)View all transactions  17-01-2021 PST 16:48
{INFO}  com.app.main.bankingMain  3)Delete a customer account  17-01-2021 PST 16:48
{INFO}  com.app.main.bankingMain  4)View new customer requests  17-01-2021 PST 16:48
{INFO}  com.app.main.bankingMain  5)Accept a new customer request  17-01-2021 PST 16:48
{INFO}  com.app.main.bankingMain  6)Reject a new customer request  17-01-2021 PST 16:48
{INFO}  com.app.main.bankingMain                7)Exit  17-01-2021 PST 16:48
{INFO}  com.app.main.bankingMain  Welcome to Bank of Java.  17-01-2021 PST 16:52
{INFO}  com.app.main.bankingMain  Please select a choice.  17-01-2021 PST 16:52
{INFO}  com.app.main.bankingMain  1)Apply for a new account  17-01-2021 PST 16:52
{INFO}  com.app.main.bankingMain      2)Customer login  17-01-2021 PST 16:52
{INFO}  com.app.main.bankingMain      3)Employee Login  17-01-2021 PST 16:52
{INFO}  com.app.main.bankingMain                4)Exit  17-01-2021 PST 16:52
{INFO}  com.app.main.bankingMain        Employee Login  17-01-2021 PST 16:52
{INFO}  com.app.main.bankingMain     Enter your email.  17-01-2021 PST 16:52
{INFO}  com.app.main.bankingMain   Enter your password  17-01-2021 PST 16:52
{INFO}  com.app.main.bankingMain  Employee [employeeId=0, firstName=java, lastName=coder, email=javacoder@email, password=java]  17-01-2021 PST 16:52
{INFO}  com.app.main.bankingMain         Employee Menu  17-01-2021 PST 16:52
{INFO}  com.app.main.bankingMain  1)View customers' balances  17-01-2021 PST 16:52
{INFO}  com.app.main.bankingMain  2)View all transactions  17-01-2021 PST 16:52
{INFO}  com.app.main.bankingMain  3)Delete a customer account  17-01-2021 PST 16:52
{INFO}  com.app.main.bankingMain  4)View new customer requests  17-01-2021 PST 16:52
{INFO}  com.app.main.bankingMain  5)Accept a new customer request  17-01-2021 PST 16:52
{INFO}  com.app.main.bankingMain  6)Reject a new customer request  17-01-2021 PST 16:52
{INFO}  com.app.main.bankingMain                7)Exit  17-01-2021 PST 16:52
{INFO}  com.app.main.bankingMain  4)View new customer requests  17-01-2021 PST 16:52
{INFO}  com.app.main.bankingMain  [CustomerRequests [requestId=1, customerFirstName=first, customerLastName=last, customerEmail=email1, customerPassword=null, customerDob=2020-01-01, AccountBalance=100, AccountNumber=0]]  17-01-2021 PST 16:52
{INFO}  com.app.main.bankingMain         Employee Menu  17-01-2021 PST 16:52
{INFO}  com.app.main.bankingMain  1)View customers' balances  17-01-2021 PST 16:52
{INFO}  com.app.main.bankingMain  2)View all transactions  17-01-2021 PST 16:52
{INFO}  com.app.main.bankingMain  3)Delete a customer account  17-01-2021 PST 16:52
{INFO}  com.app.main.bankingMain  4)View new customer requests  17-01-2021 PST 16:52
{INFO}  com.app.main.bankingMain  5)Accept a new customer request  17-01-2021 PST 16:52
{INFO}  com.app.main.bankingMain  6)Reject a new customer request  17-01-2021 PST 16:52
{INFO}  com.app.main.bankingMain                7)Exit  17-01-2021 PST 16:52
{INFO}  com.app.main.bankingMain  Welcome to Bank of Java.  17-01-2021 PST 16:55
{INFO}  com.app.main.bankingMain  Please select a choice.  17-01-2021 PST 16:55
{INFO}  com.app.main.bankingMain  1)Apply for a new account  17-01-2021 PST 16:55
{INFO}  com.app.main.bankingMain      2)Customer login  17-01-2021 PST 16:55
{INFO}  com.app.main.bankingMain      3)Employee Login  17-01-2021 PST 16:55
{INFO}  com.app.main.bankingMain                4)Exit  17-01-2021 PST 16:55
{INFO}  com.app.main.bankingMain        Employee Login  17-01-2021 PST 16:55
{INFO}  com.app.main.bankingMain     Enter your email.  17-01-2021 PST 16:55
{INFO}  com.app.main.bankingMain   Enter your password  17-01-2021 PST 16:55
{INFO}  com.app.main.bankingMain  Employee [employeeId=0, firstName=java, lastName=coder, email=javacoder@email, password=java]  17-01-2021 PST 16:55
{INFO}  com.app.main.bankingMain         Employee Menu  17-01-2021 PST 16:55
{INFO}  com.app.main.bankingMain  1)View customers' balances  17-01-2021 PST 16:55
{INFO}  com.app.main.bankingMain  2)View all transactions  17-01-2021 PST 16:55
{INFO}  com.app.main.bankingMain  3)Delete a customer account  17-01-2021 PST 16:55
{INFO}  com.app.main.bankingMain  4)View new customer requests  17-01-2021 PST 16:55
{INFO}  com.app.main.bankingMain  5)Accept a new customer request  17-01-2021 PST 16:55
{INFO}  com.app.main.bankingMain  6)Reject a new customer request  17-01-2021 PST 16:55
{INFO}  com.app.main.bankingMain                7)Exit  17-01-2021 PST 16:55
{INFO}  com.app.main.bankingMain  4)View new customer requests  17-01-2021 PST 16:55
{INFO}  com.app.main.bankingMain  [CustomerRequests [requestId=1, customerFirstName=first, customerLastName=last, customerEmail=email1, customerPassword=pass, customerDob=2020-01-01, AccountBalance=100, AccountNumber=0]]  17-01-2021 PST 16:55
{INFO}  com.app.main.bankingMain         Employee Menu  17-01-2021 PST 16:55
{INFO}  com.app.main.bankingMain  1)View customers' balances  17-01-2021 PST 16:55
{INFO}  com.app.main.bankingMain  2)View all transactions  17-01-2021 PST 16:55
{INFO}  com.app.main.bankingMain  3)Delete a customer account  17-01-2021 PST 16:55
{INFO}  com.app.main.bankingMain  4)View new customer requests  17-01-2021 PST 16:55
{INFO}  com.app.main.bankingMain  5)Accept a new customer request  17-01-2021 PST 16:55
{INFO}  com.app.main.bankingMain  6)Reject a new customer request  17-01-2021 PST 16:55
{INFO}  com.app.main.bankingMain                7)Exit  17-01-2021 PST 16:55
{INFO}  com.app.main.bankingMain  Welcome to Bank of Java.  17-01-2021 PST 17:12
{INFO}  com.app.main.bankingMain  Please select a choice.  17-01-2021 PST 17:12
{INFO}  com.app.main.bankingMain  1)Apply for a new account  17-01-2021 PST 17:12
{INFO}  com.app.main.bankingMain      2)Customer login  17-01-2021 PST 17:12
{INFO}  com.app.main.bankingMain      3)Employee Login  17-01-2021 PST 17:12
{INFO}  com.app.main.bankingMain                4)Exit  17-01-2021 PST 17:12
{INFO}  com.app.main.bankingMain        Employee Login  17-01-2021 PST 17:12
{INFO}  com.app.main.bankingMain     Enter your email.  17-01-2021 PST 17:12
{INFO}  com.app.main.bankingMain   Enter your password  17-01-2021 PST 17:12
{INFO}  com.app.main.bankingMain  Employee [employeeId=0, firstName=java, lastName=coder, email=javacoder@email, password=java]  17-01-2021 PST 17:12
{INFO}  com.app.main.bankingMain         Employee Menu  17-01-2021 PST 17:12
{INFO}  com.app.main.bankingMain  1)View customers' balances  17-01-2021 PST 17:12
{INFO}  com.app.main.bankingMain  2)View all transactions  17-01-2021 PST 17:12
{INFO}  com.app.main.bankingMain  3)Delete a customer account  17-01-2021 PST 17:12
{INFO}  com.app.main.bankingMain  4)View new customer requests  17-01-2021 PST 17:12
{INFO}  com.app.main.bankingMain  5)Accept a new customer request  17-01-2021 PST 17:12
{INFO}  com.app.main.bankingMain  6)Reject a new customer request  17-01-2021 PST 17:12
{INFO}  com.app.main.bankingMain                7)Exit  17-01-2021 PST 17:12
{INFO}  com.app.main.bankingMain  4)View new customer requests  17-01-2021 PST 17:12
{INFO}  com.app.main.bankingMain  [CustomerRequests [requestId=1, customerFirstName=first, customerLastName=last, customerEmail=email1, customerPassword=pass, customerDob=2020-01-01, AccountBalance=100]]  17-01-2021 PST 17:12
{INFO}  com.app.main.bankingMain         Employee Menu  17-01-2021 PST 17:12
{INFO}  com.app.main.bankingMain  1)View customers' balances  17-01-2021 PST 17:12
{INFO}  com.app.main.bankingMain  2)View all transactions  17-01-2021 PST 17:12
{INFO}  com.app.main.bankingMain  3)Delete a customer account  17-01-2021 PST 17:12
{INFO}  com.app.main.bankingMain  4)View new customer requests  17-01-2021 PST 17:12
{INFO}  com.app.main.bankingMain  5)Accept a new customer request  17-01-2021 PST 17:12
{INFO}  com.app.main.bankingMain  6)Reject a new customer request  17-01-2021 PST 17:12
{INFO}  com.app.main.bankingMain                7)Exit  17-01-2021 PST 17:12
{INFO}  com.app.main.bankingMain  Welcome to Bank of Java.  17-01-2021 PST 17:42
{INFO}  com.app.main.bankingMain  Please select a choice.  17-01-2021 PST 17:42
{INFO}  com.app.main.bankingMain  1)Apply for a new account  17-01-2021 PST 17:42
{INFO}  com.app.main.bankingMain      2)Customer login  17-01-2021 PST 17:42
{INFO}  com.app.main.bankingMain      3)Employee Login  17-01-2021 PST 17:42
{INFO}  com.app.main.bankingMain                4)Exit  17-01-2021 PST 17:42
{INFO}  com.app.main.bankingMain        Employee Login  17-01-2021 PST 17:42
{INFO}  com.app.main.bankingMain     Enter your email.  17-01-2021 PST 17:42
{INFO}  com.app.main.bankingMain   Enter your password  17-01-2021 PST 17:42
{INFO}  com.app.main.bankingMain  Employee [employeeId=0, firstName=java, lastName=coder, email=javacoder@email, password=java]  17-01-2021 PST 17:42
{INFO}  com.app.main.bankingMain         Employee Menu  17-01-2021 PST 17:42
{INFO}  com.app.main.bankingMain  1)View customers' balances  17-01-2021 PST 17:42
{INFO}  com.app.main.bankingMain  2)View all transactions  17-01-2021 PST 17:42
{INFO}  com.app.main.bankingMain  3)Delete a customer account  17-01-2021 PST 17:42
{INFO}  com.app.main.bankingMain  4)View new customer requests  17-01-2021 PST 17:42
{INFO}  com.app.main.bankingMain  5)Accept a new customer request  17-01-2021 PST 17:42
{INFO}  com.app.main.bankingMain  6)Reject a new customer request  17-01-2021 PST 17:42
{INFO}  com.app.main.bankingMain                7)Exit  17-01-2021 PST 17:42
{INFO}  com.app.main.bankingMain  4)View new customer requests  17-01-2021 PST 17:42
{INFO}  com.app.main.bankingMain  [CustomerRequests [requestId=1, customerFirstName=first, customerLastName=last, customerEmail=email1, customerPassword=pass, customerDob=2020-01-01, AccountBalance=100]]  17-01-2021 PST 17:42
{INFO}  com.app.main.bankingMain         Employee Menu  17-01-2021 PST 17:42
{INFO}  com.app.main.bankingMain  1)View customers' balances  17-01-2021 PST 17:42
{INFO}  com.app.main.bankingMain  2)View all transactions  17-01-2021 PST 17:42
{INFO}  com.app.main.bankingMain  3)Delete a customer account  17-01-2021 PST 17:42
{INFO}  com.app.main.bankingMain  4)View new customer requests  17-01-2021 PST 17:42
{INFO}  com.app.main.bankingMain  5)Accept a new customer request  17-01-2021 PST 17:42
{INFO}  com.app.main.bankingMain  6)Reject a new customer request  17-01-2021 PST 17:42
{INFO}  com.app.main.bankingMain                7)Exit  17-01-2021 PST 17:42
{INFO}  com.app.main.bankingMain  5)Accept a new customer request  17-01-2021 PST 17:42
{INFO}  com.app.main.bankingMain  Please enter a requestId to approve  17-01-2021 PST 17:42
{INFO}  com.app.service.impl.CustomerCrudServiceImpl  Customer request approval was not successful  17-01-2021 PST 17:42
{INFO}  com.app.service.impl.CustomerCrudServiceImpl  Customer request deletion has been approved  17-01-2021 PST 17:42
{INFO}  com.app.main.bankingMain         Employee Menu  17-01-2021 PST 17:42
{INFO}  com.app.main.bankingMain  1)View customers' balances  17-01-2021 PST 17:42
{INFO}  com.app.main.bankingMain  2)View all transactions  17-01-2021 PST 17:42
{INFO}  com.app.main.bankingMain  3)Delete a customer account  17-01-2021 PST 17:42
{INFO}  com.app.main.bankingMain  4)View new customer requests  17-01-2021 PST 17:42
{INFO}  com.app.main.bankingMain  5)Accept a new customer request  17-01-2021 PST 17:42
{INFO}  com.app.main.bankingMain  6)Reject a new customer request  17-01-2021 PST 17:42
{INFO}  com.app.main.bankingMain                7)Exit  17-01-2021 PST 17:42
{INFO}  com.app.main.bankingMain  Welcome to Bank of Java.  17-01-2021 PST 17:59
{INFO}  com.app.main.bankingMain  Please select a choice.  17-01-2021 PST 17:59
{INFO}  com.app.main.bankingMain  1)Apply for a new account  17-01-2021 PST 17:59
{INFO}  com.app.main.bankingMain      2)Customer login  17-01-2021 PST 17:59
{INFO}  com.app.main.bankingMain      3)Employee Login  17-01-2021 PST 17:59
{INFO}  com.app.main.bankingMain                4)Exit  17-01-2021 PST 17:59
{INFO}  com.app.main.bankingMain        Employee Login  17-01-2021 PST 17:59
{INFO}  com.app.main.bankingMain     Enter your email.  17-01-2021 PST 17:59
{INFO}  com.app.main.bankingMain   Enter your password  17-01-2021 PST 17:59
{INFO}  com.app.main.bankingMain  Employee [employeeId=0, firstName=java, lastName=coder, email=javacoder@email, password=java]  17-01-2021 PST 17:59
{INFO}  com.app.main.bankingMain         Employee Menu  17-01-2021 PST 17:59
{INFO}  com.app.main.bankingMain  1)View customers' balances  17-01-2021 PST 17:59
{INFO}  com.app.main.bankingMain  2)View all transactions  17-01-2021 PST 17:59
{INFO}  com.app.main.bankingMain  3)Delete a customer account  17-01-2021 PST 17:59
{INFO}  com.app.main.bankingMain  4)View new customer requests  17-01-2021 PST 17:59
{INFO}  com.app.main.bankingMain  5)Accept a new customer request  17-01-2021 PST 17:59
{INFO}  com.app.main.bankingMain  6)Reject a new customer request  17-01-2021 PST 17:59
{INFO}  com.app.main.bankingMain                7)Exit  17-01-2021 PST 17:59
{INFO}  com.app.main.bankingMain  4)View new customer requests  17-01-2021 PST 17:59
{INFO}  com.app.service.impl.CustomerSearchServiceImpl  No customer requests  17-01-2021 PST 17:59
{INFO}  com.app.main.bankingMain                    []  17-01-2021 PST 17:59
{INFO}  com.app.main.bankingMain         Employee Menu  17-01-2021 PST 17:59
{INFO}  com.app.main.bankingMain  1)View customers' balances  17-01-2021 PST 17:59
{INFO}  com.app.main.bankingMain  2)View all transactions  17-01-2021 PST 17:59
{INFO}  com.app.main.bankingMain  3)Delete a customer account  17-01-2021 PST 17:59
{INFO}  com.app.main.bankingMain  4)View new customer requests  17-01-2021 PST 17:59
{INFO}  com.app.main.bankingMain  5)Accept a new customer request  17-01-2021 PST 17:59
{INFO}  com.app.main.bankingMain  6)Reject a new customer request  17-01-2021 PST 17:59
{INFO}  com.app.main.bankingMain                7)Exit  17-01-2021 PST 17:59
{INFO}  com.app.main.bankingMain  Welcome to Bank of Java.  17-01-2021 PST 18:00
{INFO}  com.app.main.bankingMain  Please select a choice.  17-01-2021 PST 18:00
{INFO}  com.app.main.bankingMain  1)Apply for a new account  17-01-2021 PST 18:00
{INFO}  com.app.main.bankingMain      2)Customer login  17-01-2021 PST 18:00
{INFO}  com.app.main.bankingMain      3)Employee Login  17-01-2021 PST 18:00
{INFO}  com.app.main.bankingMain                4)Exit  17-01-2021 PST 18:00
{INFO}  com.app.main.bankingMain  Enter your first name.  17-01-2021 PST 18:00
{INFO}  com.app.main.bankingMain  Enter your last name.  17-01-2021 PST 18:00
{INFO}  com.app.main.bankingMain  Enter your email address.  17-01-2021 PST 18:00
{INFO}  com.app.main.bankingMain     Enter a password.  17-01-2021 PST 18:00
{INFO}  com.app.main.bankingMain  Enter your date of birth.  17-01-2021 PST 18:00
{INFO}  com.app.main.bankingMain  Enter a starting balance.  17-01-2021 PST 18:00
{INFO}  com.app.service.impl.CustomerCrudServiceImpl  Customer created successfully.  17-01-2021 PST 18:00
{INFO}  com.app.main.bankingMain  Please select a choice.  17-01-2021 PST 18:00
{INFO}  com.app.main.bankingMain  1)Apply for a new account  17-01-2021 PST 18:00
{INFO}  com.app.main.bankingMain      2)Customer login  17-01-2021 PST 18:00
{INFO}  com.app.main.bankingMain      3)Employee Login  17-01-2021 PST 18:00
{INFO}  com.app.main.bankingMain                4)Exit  17-01-2021 PST 18:00
{INFO}  com.app.main.bankingMain        Employee Login  17-01-2021 PST 18:00
{INFO}  com.app.main.bankingMain     Enter your email.  17-01-2021 PST 18:00
{INFO}  com.app.main.bankingMain   Enter your password  17-01-2021 PST 18:01
{INFO}  com.app.main.bankingMain  Employee [employeeId=0, firstName=java, lastName=coder, email=javacoder@email, password=java]  17-01-2021 PST 18:01
{INFO}  com.app.main.bankingMain         Employee Menu  17-01-2021 PST 18:01
{INFO}  com.app.main.bankingMain  1)View customers' balances  17-01-2021 PST 18:01
{INFO}  com.app.main.bankingMain  2)View all transactions  17-01-2021 PST 18:01
{INFO}  com.app.main.bankingMain  3)Delete a customer account  17-01-2021 PST 18:01
{INFO}  com.app.main.bankingMain  4)View new customer requests  17-01-2021 PST 18:01
{INFO}  com.app.main.bankingMain  5)Accept a new customer request  17-01-2021 PST 18:01
{INFO}  com.app.main.bankingMain  6)Reject a new customer request  17-01-2021 PST 18:01
{INFO}  com.app.main.bankingMain                7)Exit  17-01-2021 PST 18:01
{INFO}  com.app.main.bankingMain  4)View new customer requests  17-01-2021 PST 18:01
{INFO}  com.app.main.bankingMain  [CustomerRequests [requestId=2, customerFirstName=first, customerLastName=last, customerEmail=email1, customerPassword=pass, customerDob=2020-01-01, AccountBalance=100]]  17-01-2021 PST 18:01
{INFO}  com.app.main.bankingMain         Employee Menu  17-01-2021 PST 18:01
{INFO}  com.app.main.bankingMain  1)View customers' balances  17-01-2021 PST 18:01
{INFO}  com.app.main.bankingMain  2)View all transactions  17-01-2021 PST 18:01
{INFO}  com.app.main.bankingMain  3)Delete a customer account  17-01-2021 PST 18:01
{INFO}  com.app.main.bankingMain  4)View new customer requests  17-01-2021 PST 18:01
{INFO}  com.app.main.bankingMain  5)Accept a new customer request  17-01-2021 PST 18:01
{INFO}  com.app.main.bankingMain  6)Reject a new customer request  17-01-2021 PST 18:01
{INFO}  com.app.main.bankingMain                7)Exit  17-01-2021 PST 18:01
{INFO}  com.app.main.bankingMain  5)Accept a new customer request  17-01-2021 PST 18:01
{INFO}  com.app.main.bankingMain  Please enter a requestId to approve  17-01-2021 PST 18:01
{INFO}  com.app.service.impl.CustomerCrudServiceImpl  Customer request approval was not successful  17-01-2021 PST 18:01
{INFO}  com.app.service.impl.CustomerCrudServiceImpl  Customer request deletion has been approved  17-01-2021 PST 18:01
{INFO}  com.app.main.bankingMain         Employee Menu  17-01-2021 PST 18:01
{INFO}  com.app.main.bankingMain  1)View customers' balances  17-01-2021 PST 18:01
{INFO}  com.app.main.bankingMain  2)View all transactions  17-01-2021 PST 18:01
{INFO}  com.app.main.bankingMain  3)Delete a customer account  17-01-2021 PST 18:01
{INFO}  com.app.main.bankingMain  4)View new customer requests  17-01-2021 PST 18:01
{INFO}  com.app.main.bankingMain  5)Accept a new customer request  17-01-2021 PST 18:01
{INFO}  com.app.main.bankingMain  6)Reject a new customer request  17-01-2021 PST 18:01
{INFO}  com.app.main.bankingMain                7)Exit  17-01-2021 PST 18:01
{INFO}  com.app.main.bankingMain  Welcome to Bank of Java.  17-01-2021 PST 18:04
{INFO}  com.app.main.bankingMain  Please select a choice.  17-01-2021 PST 18:04
{INFO}  com.app.main.bankingMain  1)Apply for a new account  17-01-2021 PST 18:04
{INFO}  com.app.main.bankingMain      2)Customer login  17-01-2021 PST 18:04
{INFO}  com.app.main.bankingMain      3)Employee Login  17-01-2021 PST 18:04
{INFO}  com.app.main.bankingMain                4)Exit  17-01-2021 PST 18:04
{INFO}  com.app.main.bankingMain  Enter your first name.  17-01-2021 PST 18:04
{INFO}  com.app.main.bankingMain  Enter your last name.  17-01-2021 PST 18:04
{INFO}  com.app.main.bankingMain  Enter your email address.  17-01-2021 PST 18:04
{INFO}  com.app.main.bankingMain     Enter a password.  17-01-2021 PST 18:04
{INFO}  com.app.main.bankingMain  Enter your date of birth.  17-01-2021 PST 18:04
{INFO}  com.app.main.bankingMain  Enter a starting balance.  17-01-2021 PST 18:04
{INFO}  com.app.service.impl.CustomerCrudServiceImpl  Customer created successfully.  17-01-2021 PST 18:04
{INFO}  com.app.main.bankingMain  Please select a choice.  17-01-2021 PST 18:04
{INFO}  com.app.main.bankingMain  1)Apply for a new account  17-01-2021 PST 18:04
{INFO}  com.app.main.bankingMain      2)Customer login  17-01-2021 PST 18:04
{INFO}  com.app.main.bankingMain      3)Employee Login  17-01-2021 PST 18:04
{INFO}  com.app.main.bankingMain                4)Exit  17-01-2021 PST 18:04
{INFO}  com.app.main.bankingMain        Employee Login  17-01-2021 PST 18:04
{INFO}  com.app.main.bankingMain     Enter your email.  17-01-2021 PST 18:04
{INFO}  com.app.main.bankingMain   Enter your password  17-01-2021 PST 18:04
{INFO}  com.app.main.bankingMain  Employee [employeeId=0, firstName=java, lastName=coder, email=javacoder@email, password=java]  17-01-2021 PST 18:04
{INFO}  com.app.main.bankingMain         Employee Menu  17-01-2021 PST 18:04
{INFO}  com.app.main.bankingMain  1)View customers' balances  17-01-2021 PST 18:04
{INFO}  com.app.main.bankingMain  2)View all transactions  17-01-2021 PST 18:04
{INFO}  com.app.main.bankingMain  3)Delete a customer account  17-01-2021 PST 18:04
{INFO}  com.app.main.bankingMain  4)View new customer requests  17-01-2021 PST 18:04
{INFO}  com.app.main.bankingMain  5)Accept a new customer request  17-01-2021 PST 18:04
{INFO}  com.app.main.bankingMain  6)Reject a new customer request  17-01-2021 PST 18:04
{INFO}  com.app.main.bankingMain                7)Exit  17-01-2021 PST 18:04
{INFO}  com.app.main.bankingMain  4)View new customer requests  17-01-2021 PST 18:04
{INFO}  com.app.main.bankingMain  [CustomerRequests [requestId=3, customerFirstName=first, customerLastName=last, customerEmail=email1, customerPassword=pass, customerDob=2020-01-01, AccountBalance=100]]  17-01-2021 PST 18:04
{INFO}  com.app.main.bankingMain         Employee Menu  17-01-2021 PST 18:04
{INFO}  com.app.main.bankingMain  1)View customers' balances  17-01-2021 PST 18:04
{INFO}  com.app.main.bankingMain  2)View all transactions  17-01-2021 PST 18:04
{INFO}  com.app.main.bankingMain  3)Delete a customer account  17-01-2021 PST 18:04
{INFO}  com.app.main.bankingMain  4)View new customer requests  17-01-2021 PST 18:04
{INFO}  com.app.main.bankingMain  5)Accept a new customer request  17-01-2021 PST 18:04
{INFO}  com.app.main.bankingMain  6)Reject a new customer request  17-01-2021 PST 18:04
{INFO}  com.app.main.bankingMain                7)Exit  17-01-2021 PST 18:04
{INFO}  com.app.main.bankingMain  5)Accept a new customer request  17-01-2021 PST 18:05
{INFO}  com.app.main.bankingMain  Please enter a requestId to approve  17-01-2021 PST 18:05
{INFO}  com.app.service.impl.CustomerCrudServiceImpl  Customer request approval was not successful  17-01-2021 PST 18:05
{INFO}  com.app.main.bankingMain         Employee Menu  17-01-2021 PST 18:05
{INFO}  com.app.main.bankingMain  1)View customers' balances  17-01-2021 PST 18:05
{INFO}  com.app.main.bankingMain  2)View all transactions  17-01-2021 PST 18:05
{INFO}  com.app.main.bankingMain  3)Delete a customer account  17-01-2021 PST 18:05
{INFO}  com.app.main.bankingMain  4)View new customer requests  17-01-2021 PST 18:05
{INFO}  com.app.main.bankingMain  5)Accept a new customer request  17-01-2021 PST 18:05
{INFO}  com.app.main.bankingMain  6)Reject a new customer request  17-01-2021 PST 18:05
{INFO}  com.app.main.bankingMain                7)Exit  17-01-2021 PST 18:05
{INFO}  com.app.main.bankingMain  Welcome to Bank of Java.  17-01-2021 PST 18:06
{INFO}  com.app.main.bankingMain  Please select a choice.  17-01-2021 PST 18:06
{INFO}  com.app.main.bankingMain  1)Apply for a new account  17-01-2021 PST 18:06
{INFO}  com.app.main.bankingMain      2)Customer login  17-01-2021 PST 18:06
{INFO}  com.app.main.bankingMain      3)Employee Login  17-01-2021 PST 18:06
{INFO}  com.app.main.bankingMain                4)Exit  17-01-2021 PST 18:06
{INFO}  com.app.main.bankingMain        Employee Login  17-01-2021 PST 18:06
{INFO}  com.app.main.bankingMain     Enter your email.  17-01-2021 PST 18:06
{INFO}  com.app.main.bankingMain   Enter your password  17-01-2021 PST 18:06
{INFO}  com.app.main.bankingMain  Employee [employeeId=0, firstName=java, lastName=coder, email=javacoder@email, password=java]  17-01-2021 PST 18:06
{INFO}  com.app.main.bankingMain         Employee Menu  17-01-2021 PST 18:06
{INFO}  com.app.main.bankingMain  1)View customers' balances  17-01-2021 PST 18:06
{INFO}  com.app.main.bankingMain  2)View all transactions  17-01-2021 PST 18:06
{INFO}  com.app.main.bankingMain  3)Delete a customer account  17-01-2021 PST 18:06
{INFO}  com.app.main.bankingMain  4)View new customer requests  17-01-2021 PST 18:06
{INFO}  com.app.main.bankingMain  5)Accept a new customer request  17-01-2021 PST 18:06
{INFO}  com.app.main.bankingMain  6)Reject a new customer request  17-01-2021 PST 18:06
{INFO}  com.app.main.bankingMain                7)Exit  17-01-2021 PST 18:06
{INFO}  com.app.main.bankingMain  4)View new customer requests  17-01-2021 PST 18:06
{INFO}  com.app.main.bankingMain  [CustomerRequests [requestId=3, customerFirstName=first, customerLastName=last, customerEmail=email1, customerPassword=pass, customerDob=2020-01-01, AccountBalance=100]]  17-01-2021 PST 18:06
{INFO}  com.app.main.bankingMain         Employee Menu  17-01-2021 PST 18:06
{INFO}  com.app.main.bankingMain  1)View customers' balances  17-01-2021 PST 18:06
{INFO}  com.app.main.bankingMain  2)View all transactions  17-01-2021 PST 18:06
{INFO}  com.app.main.bankingMain  3)Delete a customer account  17-01-2021 PST 18:06
{INFO}  com.app.main.bankingMain  4)View new customer requests  17-01-2021 PST 18:06
{INFO}  com.app.main.bankingMain  5)Accept a new customer request  17-01-2021 PST 18:06
{INFO}  com.app.main.bankingMain  6)Reject a new customer request  17-01-2021 PST 18:06
{INFO}  com.app.main.bankingMain                7)Exit  17-01-2021 PST 18:06
{INFO}  com.app.main.bankingMain  5)Accept a new customer request  17-01-2021 PST 18:06
{INFO}  com.app.main.bankingMain  Please enter a requestId to approve  17-01-2021 PST 18:06
{INFO}  com.app.service.impl.CustomerCrudServiceImpl  Customer request approval was not successful  17-01-2021 PST 18:06
{INFO}  com.app.main.bankingMain         Employee Menu  17-01-2021 PST 18:06
{INFO}  com.app.main.bankingMain  1)View customers' balances  17-01-2021 PST 18:06
{INFO}  com.app.main.bankingMain  2)View all transactions  17-01-2021 PST 18:06
{INFO}  com.app.main.bankingMain  3)Delete a customer account  17-01-2021 PST 18:06
{INFO}  com.app.main.bankingMain  4)View new customer requests  17-01-2021 PST 18:06
{INFO}  com.app.main.bankingMain  5)Accept a new customer request  17-01-2021 PST 18:06
{INFO}  com.app.main.bankingMain  6)Reject a new customer request  17-01-2021 PST 18:06
{INFO}  com.app.main.bankingMain                7)Exit  17-01-2021 PST 18:06
{INFO}  com.app.main.bankingMain  Welcome to Bank of Java.  18-01-2021 PST 15:37
{INFO}  com.app.main.bankingMain  Please select a choice.  18-01-2021 PST 15:37
{INFO}  com.app.main.bankingMain  1)Apply for a new account  18-01-2021 PST 15:37
{INFO}  com.app.main.bankingMain      2)Customer login  18-01-2021 PST 15:37
{INFO}  com.app.main.bankingMain      3)Employee Login  18-01-2021 PST 15:37
{INFO}  com.app.main.bankingMain                4)Exit  18-01-2021 PST 15:37
{INFO}  com.app.main.bankingMain        Employee Login  18-01-2021 PST 15:37
{INFO}  com.app.main.bankingMain     Enter your email.  18-01-2021 PST 15:37
{INFO}  com.app.main.bankingMain   Enter your password  18-01-2021 PST 15:37
{INFO}  com.app.main.bankingMain  Employee [employeeId=0, firstName=java, lastName=coder, email=javacoder@email, password=java]  18-01-2021 PST 15:37
{INFO}  com.app.main.bankingMain         Employee Menu  18-01-2021 PST 15:37
{INFO}  com.app.main.bankingMain  1)View customers' balances  18-01-2021 PST 15:37
{INFO}  com.app.main.bankingMain  2)View all transactions  18-01-2021 PST 15:37
{INFO}  com.app.main.bankingMain  3)Delete a customer account  18-01-2021 PST 15:37
{INFO}  com.app.main.bankingMain  4)View new customer requests  18-01-2021 PST 15:37
{INFO}  com.app.main.bankingMain  5)Accept a new customer request  18-01-2021 PST 15:37
{INFO}  com.app.main.bankingMain  6)Reject a new customer request  18-01-2021 PST 15:37
{INFO}  com.app.main.bankingMain                7)Exit  18-01-2021 PST 15:37
{INFO}  com.app.main.bankingMain  4)View new customer requests  18-01-2021 PST 15:37
{INFO}  com.app.main.bankingMain  [CustomerRequests [requestId=3, customerFirstName=first, customerLastName=last, customerEmail=email1, customerPassword=pass, customerDob=2020-01-01, AccountBalance=100]]  18-01-2021 PST 15:37
{INFO}  com.app.main.bankingMain         Employee Menu  18-01-2021 PST 15:37
{INFO}  com.app.main.bankingMain  1)View customers' balances  18-01-2021 PST 15:37
{INFO}  com.app.main.bankingMain  2)View all transactions  18-01-2021 PST 15:37
{INFO}  com.app.main.bankingMain  3)Delete a customer account  18-01-2021 PST 15:37
{INFO}  com.app.main.bankingMain  4)View new customer requests  18-01-2021 PST 15:37
{INFO}  com.app.main.bankingMain  5)Accept a new customer request  18-01-2021 PST 15:37
{INFO}  com.app.main.bankingMain  6)Reject a new customer request  18-01-2021 PST 15:37
{INFO}  com.app.main.bankingMain                7)Exit  18-01-2021 PST 15:37
{INFO}  com.app.main.bankingMain  5)Accept a new customer request  18-01-2021 PST 15:38
{INFO}  com.app.main.bankingMain  Please enter a requestId to approve  18-01-2021 PST 15:38
{INFO}  com.app.service.impl.CustomerCrudServiceImpl  Customer request approval was not successful  18-01-2021 PST 15:38
{INFO}  com.app.main.bankingMain         Employee Menu  18-01-2021 PST 15:38
{INFO}  com.app.main.bankingMain  1)View customers' balances  18-01-2021 PST 15:38
{INFO}  com.app.main.bankingMain  2)View all transactions  18-01-2021 PST 15:38
{INFO}  com.app.main.bankingMain  3)Delete a customer account  18-01-2021 PST 15:38
{INFO}  com.app.main.bankingMain  4)View new customer requests  18-01-2021 PST 15:38
{INFO}  com.app.main.bankingMain  5)Accept a new customer request  18-01-2021 PST 15:38
{INFO}  com.app.main.bankingMain  6)Reject a new customer request  18-01-2021 PST 15:38
{INFO}  com.app.main.bankingMain                7)Exit  18-01-2021 PST 15:38
{INFO}  com.app.main.bankingMain  Welcome to Bank of Java.  18-01-2021 PST 15:45
{INFO}  com.app.main.bankingMain  Please select a choice.  18-01-2021 PST 15:45
{INFO}  com.app.main.bankingMain  1)Apply for a new account  18-01-2021 PST 15:45
{INFO}  com.app.main.bankingMain      2)Customer login  18-01-2021 PST 15:45
{INFO}  com.app.main.bankingMain      3)Employee Login  18-01-2021 PST 15:45
{INFO}  com.app.main.bankingMain                4)Exit  18-01-2021 PST 15:45
{INFO}  com.app.main.bankingMain        Employee Login  18-01-2021 PST 15:45
{INFO}  com.app.main.bankingMain     Enter your email.  18-01-2021 PST 15:45
{INFO}  com.app.main.bankingMain   Enter your password  18-01-2021 PST 15:45
{INFO}  com.app.main.bankingMain  Employee [employeeId=0, firstName=java, lastName=coder, email=javacoder@email, password=java]  18-01-2021 PST 15:45
{INFO}  com.app.main.bankingMain         Employee Menu  18-01-2021 PST 15:45
{INFO}  com.app.main.bankingMain  1)View customers' balances  18-01-2021 PST 15:45
{INFO}  com.app.main.bankingMain  2)View all transactions  18-01-2021 PST 15:45
{INFO}  com.app.main.bankingMain  3)Delete a customer account  18-01-2021 PST 15:45
{INFO}  com.app.main.bankingMain  4)View new customer requests  18-01-2021 PST 15:45
{INFO}  com.app.main.bankingMain  5)Accept a new customer request  18-01-2021 PST 15:45
{INFO}  com.app.main.bankingMain  6)Reject a new customer request  18-01-2021 PST 15:45
{INFO}  com.app.main.bankingMain                7)Exit  18-01-2021 PST 15:45
{INFO}  com.app.main.bankingMain  4)View new customer requests  18-01-2021 PST 15:45
{INFO}  com.app.main.bankingMain  [CustomerRequests [requestId=3, customerFirstName=first, customerLastName=last, customerEmail=email1, customerPassword=pass, customerDob=2020-01-01, AccountBalance=100]]  18-01-2021 PST 15:45
{INFO}  com.app.main.bankingMain         Employee Menu  18-01-2021 PST 15:45
{INFO}  com.app.main.bankingMain  1)View customers' balances  18-01-2021 PST 15:45
{INFO}  com.app.main.bankingMain  2)View all transactions  18-01-2021 PST 15:45
{INFO}  com.app.main.bankingMain  3)Delete a customer account  18-01-2021 PST 15:45
{INFO}  com.app.main.bankingMain  4)View new customer requests  18-01-2021 PST 15:45
{INFO}  com.app.main.bankingMain  5)Accept a new customer request  18-01-2021 PST 15:45
{INFO}  com.app.main.bankingMain  6)Reject a new customer request  18-01-2021 PST 15:45
{INFO}  com.app.main.bankingMain                7)Exit  18-01-2021 PST 15:45
{INFO}  com.app.main.bankingMain  5)Accept a new customer request  18-01-2021 PST 15:45
{INFO}  com.app.main.bankingMain  Please enter a requestId to approve  18-01-2021 PST 15:45
{INFO}  com.app.service.impl.CustomerCrudServiceImpl  Customer request approval was not successful  18-01-2021 PST 15:45
{INFO}  com.app.main.bankingMain         Employee Menu  18-01-2021 PST 15:45
{INFO}  com.app.main.bankingMain  1)View customers' balances  18-01-2021 PST 15:45
{INFO}  com.app.main.bankingMain  2)View all transactions  18-01-2021 PST 15:45
{INFO}  com.app.main.bankingMain  3)Delete a customer account  18-01-2021 PST 15:45
{INFO}  com.app.main.bankingMain  4)View new customer requests  18-01-2021 PST 15:45
{INFO}  com.app.main.bankingMain  5)Accept a new customer request  18-01-2021 PST 15:45
{INFO}  com.app.main.bankingMain  6)Reject a new customer request  18-01-2021 PST 15:45
{INFO}  com.app.main.bankingMain                7)Exit  18-01-2021 PST 15:45
{INFO}  com.app.main.bankingMain  Welcome to Bank of Java.  18-01-2021 PST 17:26
{INFO}  com.app.main.bankingMain  Please select a choice.  18-01-2021 PST 17:26
{INFO}  com.app.main.bankingMain  1)Apply for a new account  18-01-2021 PST 17:26
{INFO}  com.app.main.bankingMain      2)Customer login  18-01-2021 PST 17:26
{INFO}  com.app.main.bankingMain      3)Employee Login  18-01-2021 PST 17:26
{INFO}  com.app.main.bankingMain                4)Exit  18-01-2021 PST 17:26
{INFO}  com.app.main.bankingMain                  Exit  18-01-2021 PST 17:26
{INFO}  com.app.main.bankingMain  Welcome to Bank of Java.  18-01-2021 PST 17:26
{INFO}  com.app.main.bankingMain  Please select a choice.  18-01-2021 PST 17:26
{INFO}  com.app.main.bankingMain  1)Apply for a new account  18-01-2021 PST 17:26
{INFO}  com.app.main.bankingMain      2)Customer login  18-01-2021 PST 17:26
{INFO}  com.app.main.bankingMain      3)Employee Login  18-01-2021 PST 17:26
{INFO}  com.app.main.bankingMain                4)Exit  18-01-2021 PST 17:26
{INFO}  com.app.main.bankingMain        Employee Login  18-01-2021 PST 17:26
{INFO}  com.app.main.bankingMain     Enter your email.  18-01-2021 PST 17:26
{INFO}  com.app.main.bankingMain   Enter your password  18-01-2021 PST 17:26
{INFO}  com.app.main.bankingMain  Employee [employeeId=0, firstName=java, lastName=coder, email=javacoder@email, password=java]  18-01-2021 PST 17:26
{INFO}  com.app.main.bankingMain         Employee Menu  18-01-2021 PST 17:26
{INFO}  com.app.main.bankingMain  1)View customers' balances  18-01-2021 PST 17:26
{INFO}  com.app.main.bankingMain  2)View all transactions  18-01-2021 PST 17:26
{INFO}  com.app.main.bankingMain  3)Delete a customer account  18-01-2021 PST 17:26
{INFO}  com.app.main.bankingMain  4)View new customer requests  18-01-2021 PST 17:26
{INFO}  com.app.main.bankingMain  5)Accept a new customer request  18-01-2021 PST 17:26
{INFO}  com.app.main.bankingMain  6)Reject a new customer request  18-01-2021 PST 17:26
{INFO}  com.app.main.bankingMain                7)Exit  18-01-2021 PST 17:26
{INFO}  com.app.main.bankingMain  4)View new customer requests  18-01-2021 PST 17:26
{INFO}  com.app.main.bankingMain  [CustomerRequests [requestId=3, customerFirstName=first, customerLastName=last, customerEmail=email1, customerPassword=pass, customerDob=2020-01-01, AccountBalance=100]]  18-01-2021 PST 17:26
{INFO}  com.app.main.bankingMain         Employee Menu  18-01-2021 PST 17:26
{INFO}  com.app.main.bankingMain  1)View customers' balances  18-01-2021 PST 17:26
{INFO}  com.app.main.bankingMain  2)View all transactions  18-01-2021 PST 17:26
{INFO}  com.app.main.bankingMain  3)Delete a customer account  18-01-2021 PST 17:26
{INFO}  com.app.main.bankingMain  4)View new customer requests  18-01-2021 PST 17:26
{INFO}  com.app.main.bankingMain  5)Accept a new customer request  18-01-2021 PST 17:26
{INFO}  com.app.main.bankingMain  6)Reject a new customer request  18-01-2021 PST 17:26
{INFO}  com.app.main.bankingMain                7)Exit  18-01-2021 PST 17:26
{INFO}  com.app.main.bankingMain  5)Accept a new customer request  18-01-2021 PST 17:26
{INFO}  com.app.main.bankingMain  Please enter a requestId to approve  18-01-2021 PST 17:26
{INFO}  com.app.service.impl.CustomerCrudServiceImpl  Customer request approval was not successful  18-01-2021 PST 17:26
{INFO}  com.app.main.bankingMain         Employee Menu  18-01-2021 PST 17:26
{INFO}  com.app.main.bankingMain  1)View customers' balances  18-01-2021 PST 17:26
{INFO}  com.app.main.bankingMain  2)View all transactions  18-01-2021 PST 17:26
{INFO}  com.app.main.bankingMain  3)Delete a customer account  18-01-2021 PST 17:26
{INFO}  com.app.main.bankingMain  4)View new customer requests  18-01-2021 PST 17:26
{INFO}  com.app.main.bankingMain  5)Accept a new customer request  18-01-2021 PST 17:26
{INFO}  com.app.main.bankingMain  6)Reject a new customer request  18-01-2021 PST 17:26
{INFO}  com.app.main.bankingMain                7)Exit  18-01-2021 PST 17:26
{INFO}  com.app.main.bankingMain  Welcome to Bank of Java.  18-01-2021 PST 18:02
{INFO}  com.app.main.bankingMain  Please select a choice.  18-01-2021 PST 18:02
{INFO}  com.app.main.bankingMain  1)Apply for a new account  18-01-2021 PST 18:02
{INFO}  com.app.main.bankingMain      2)Customer login  18-01-2021 PST 18:02
{INFO}  com.app.main.bankingMain      3)Employee Login  18-01-2021 PST 18:02
{INFO}  com.app.main.bankingMain                4)Exit  18-01-2021 PST 18:02
{INFO}  com.app.main.bankingMain        Employee Login  18-01-2021 PST 18:02
{INFO}  com.app.main.bankingMain     Enter your email.  18-01-2021 PST 18:02
{INFO}  com.app.main.bankingMain   Enter your password  18-01-2021 PST 18:03
{INFO}  com.app.main.bankingMain  Employee [employeeId=0, firstName=java, lastName=coder, email=javacoder@email, password=java]  18-01-2021 PST 18:03
{INFO}  com.app.main.bankingMain         Employee Menu  18-01-2021 PST 18:03
{INFO}  com.app.main.bankingMain  1)View customers' balances  18-01-2021 PST 18:03
{INFO}  com.app.main.bankingMain  2)View all transactions  18-01-2021 PST 18:03
{INFO}  com.app.main.bankingMain  3)Delete a customer account  18-01-2021 PST 18:03
{INFO}  com.app.main.bankingMain  4)View new customer requests  18-01-2021 PST 18:03
{INFO}  com.app.main.bankingMain  5)Accept a new customer request  18-01-2021 PST 18:03
{INFO}  com.app.main.bankingMain  6)Reject a new customer request  18-01-2021 PST 18:03
{INFO}  com.app.main.bankingMain                7)Exit  18-01-2021 PST 18:03
{INFO}  com.app.main.bankingMain  4)View new customer requests  18-01-2021 PST 18:03
{INFO}  com.app.main.bankingMain  [CustomerRequests [requestId=3, customerFirstName=first, customerLastName=last, customerEmail=email1, customerPassword=pass, customerDob=2020-01-01, AccountBalance=100]]  18-01-2021 PST 18:03
{INFO}  com.app.main.bankingMain         Employee Menu  18-01-2021 PST 18:03
{INFO}  com.app.main.bankingMain  1)View customers' balances  18-01-2021 PST 18:03
{INFO}  com.app.main.bankingMain  2)View all transactions  18-01-2021 PST 18:03
{INFO}  com.app.main.bankingMain  3)Delete a customer account  18-01-2021 PST 18:03
{INFO}  com.app.main.bankingMain  4)View new customer requests  18-01-2021 PST 18:03
{INFO}  com.app.main.bankingMain  5)Accept a new customer request  18-01-2021 PST 18:03
{INFO}  com.app.main.bankingMain  6)Reject a new customer request  18-01-2021 PST 18:03
{INFO}  com.app.main.bankingMain                7)Exit  18-01-2021 PST 18:03
{INFO}  com.app.main.bankingMain  4)View new customer requests  18-01-2021 PST 18:03
{INFO}  com.app.main.bankingMain  [CustomerRequests [requestId=3, customerFirstName=first, customerLastName=last, customerEmail=email1, customerPassword=pass, customerDob=2020-01-01, AccountBalance=100]]  18-01-2021 PST 18:03
{INFO}  com.app.main.bankingMain         Employee Menu  18-01-2021 PST 18:03
{INFO}  com.app.main.bankingMain  1)View customers' balances  18-01-2021 PST 18:03
{INFO}  com.app.main.bankingMain  2)View all transactions  18-01-2021 PST 18:03
{INFO}  com.app.main.bankingMain  3)Delete a customer account  18-01-2021 PST 18:03
{INFO}  com.app.main.bankingMain  4)View new customer requests  18-01-2021 PST 18:03
{INFO}  com.app.main.bankingMain  5)Accept a new customer request  18-01-2021 PST 18:03
{INFO}  com.app.main.bankingMain  6)Reject a new customer request  18-01-2021 PST 18:03
{INFO}  com.app.main.bankingMain                7)Exit  18-01-2021 PST 18:03
{INFO}  com.app.main.bankingMain  5)Accept a new customer request  18-01-2021 PST 18:03
{INFO}  com.app.main.bankingMain  Please enter a requestId to approve  18-01-2021 PST 18:03
{INFO}  com.app.service.impl.CustomerCrudServiceImpl  Customer request approval was not successful  18-01-2021 PST 18:03
{INFO}  com.app.main.bankingMain         Employee Menu  18-01-2021 PST 18:03
{INFO}  com.app.main.bankingMain  1)View customers' balances  18-01-2021 PST 18:03
{INFO}  com.app.main.bankingMain  2)View all transactions  18-01-2021 PST 18:03
{INFO}  com.app.main.bankingMain  3)Delete a customer account  18-01-2021 PST 18:03
{INFO}  com.app.main.bankingMain  4)View new customer requests  18-01-2021 PST 18:03
{INFO}  com.app.main.bankingMain  5)Accept a new customer request  18-01-2021 PST 18:03
{INFO}  com.app.main.bankingMain  6)Reject a new customer request  18-01-2021 PST 18:03
{INFO}  com.app.main.bankingMain                7)Exit  18-01-2021 PST 18:03
{INFO}  com.app.main.bankingMain  Welcome to Bank of Java.  20-01-2021 PST 17:49
{INFO}  com.app.main.bankingMain  Please select a choice.  20-01-2021 PST 17:49
{INFO}  com.app.main.bankingMain  1)Apply for a new account  20-01-2021 PST 17:49
{INFO}  com.app.main.bankingMain      2)Customer login  20-01-2021 PST 17:49
{INFO}  com.app.main.bankingMain      3)Employee Login  20-01-2021 PST 17:49
{INFO}  com.app.main.bankingMain                4)Exit  20-01-2021 PST 17:49
{INFO}  com.app.main.bankingMain        Employee Login  20-01-2021 PST 17:49
{INFO}  com.app.main.bankingMain     Enter your email.  20-01-2021 PST 17:49
{INFO}  com.app.main.bankingMain   Enter your password  20-01-2021 PST 17:49
{INFO}  com.app.main.bankingMain  Employee [employeeId=0, firstName=java, lastName=coder, email=javacoder@email, password=java]  20-01-2021 PST 17:49
{INFO}  com.app.main.bankingMain         Employee Menu  20-01-2021 PST 17:49
{INFO}  com.app.main.bankingMain  1)View customers' balances  20-01-2021 PST 17:49
{INFO}  com.app.main.bankingMain  2)View all transactions  20-01-2021 PST 17:49
{INFO}  com.app.main.bankingMain  3)Delete a customer account  20-01-2021 PST 17:49
{INFO}  com.app.main.bankingMain  4)View new customer requests  20-01-2021 PST 17:49
{INFO}  com.app.main.bankingMain  5)Accept a new customer request  20-01-2021 PST 17:49
{INFO}  com.app.main.bankingMain  6)Reject a new customer request  20-01-2021 PST 17:49
{INFO}  com.app.main.bankingMain                7)Exit  20-01-2021 PST 17:49
{INFO}  com.app.main.bankingMain  4)View new customer requests  20-01-2021 PST 17:49
{INFO}  com.app.main.bankingMain  [CustomerRequests [requestId=3, customerFirstName=first, customerLastName=last, customerEmail=email1, customerPassword=pass, customerDob=2020-01-01, AccountBalance=100]]  20-01-2021 PST 17:49
{INFO}  com.app.main.bankingMain         Employee Menu  20-01-2021 PST 17:49
{INFO}  com.app.main.bankingMain  1)View customers' balances  20-01-2021 PST 17:49
{INFO}  com.app.main.bankingMain  2)View all transactions  20-01-2021 PST 17:49
{INFO}  com.app.main.bankingMain  3)Delete a customer account  20-01-2021 PST 17:49
{INFO}  com.app.main.bankingMain  4)View new customer requests  20-01-2021 PST 17:49
{INFO}  com.app.main.bankingMain  5)Accept a new customer request  20-01-2021 PST 17:49
{INFO}  com.app.main.bankingMain  6)Reject a new customer request  20-01-2021 PST 17:49
{INFO}  com.app.main.bankingMain                7)Exit  20-01-2021 PST 17:49
{INFO}  com.app.main.bankingMain  5)Accept a new customer request  20-01-2021 PST 17:50
{INFO}  com.app.main.bankingMain  Please enter a requestId to approve  20-01-2021 PST 17:50
{INFO}  com.app.service.impl.CustomerCrudServiceImpl  Customer request approval was not successful  20-01-2021 PST 17:50
{INFO}  com.app.main.bankingMain         Employee Menu  20-01-2021 PST 17:50
{INFO}  com.app.main.bankingMain  1)View customers' balances  20-01-2021 PST 17:50
{INFO}  com.app.main.bankingMain  2)View all transactions  20-01-2021 PST 17:50
{INFO}  com.app.main.bankingMain  3)Delete a customer account  20-01-2021 PST 17:50
{INFO}  com.app.main.bankingMain  4)View new customer requests  20-01-2021 PST 17:50
{INFO}  com.app.main.bankingMain  5)Accept a new customer request  20-01-2021 PST 17:50
{INFO}  com.app.main.bankingMain  6)Reject a new customer request  20-01-2021 PST 17:50
{INFO}  com.app.main.bankingMain                7)Exit  20-01-2021 PST 17:50
{INFO}  com.app.main.bankingMain  Welcome to Bank of Java.  20-01-2021 PST 17:53
{INFO}  com.app.main.bankingMain  Please select a choice.  20-01-2021 PST 17:53
{INFO}  com.app.main.bankingMain  1)Apply for a new account  20-01-2021 PST 17:53
{INFO}  com.app.main.bankingMain      2)Customer login  20-01-2021 PST 17:53
{INFO}  com.app.main.bankingMain      3)Employee Login  20-01-2021 PST 17:53
{INFO}  com.app.main.bankingMain                4)Exit  20-01-2021 PST 17:53
{INFO}  com.app.main.bankingMain        Employee Login  20-01-2021 PST 17:53
{INFO}  com.app.main.bankingMain     Enter your email.  20-01-2021 PST 17:53
{INFO}  com.app.main.bankingMain   Enter your password  20-01-2021 PST 17:53
{INFO}  com.app.main.bankingMain  Employee [employeeId=0, firstName=java, lastName=coder, email=javacoder@email, password=java]  20-01-2021 PST 17:53
{INFO}  com.app.main.bankingMain         Employee Menu  20-01-2021 PST 17:53
{INFO}  com.app.main.bankingMain  1)View customers' balances  20-01-2021 PST 17:53
{INFO}  com.app.main.bankingMain  2)View all transactions  20-01-2021 PST 17:53
{INFO}  com.app.main.bankingMain  3)Delete a customer account  20-01-2021 PST 17:53
{INFO}  com.app.main.bankingMain  4)View new customer requests  20-01-2021 PST 17:53
{INFO}  com.app.main.bankingMain  5)Accept a new customer request  20-01-2021 PST 17:53
{INFO}  com.app.main.bankingMain  6)Reject a new customer request  20-01-2021 PST 17:53
{INFO}  com.app.main.bankingMain                7)Exit  20-01-2021 PST 17:53
{INFO}  com.app.main.bankingMain  4)View new customer requests  20-01-2021 PST 17:53
{INFO}  com.app.main.bankingMain  [CustomerRequests [requestId=3, customerFirstName=first, customerLastName=last, customerEmail=email1, customerPassword=pass, customerDob=2020-01-01, AccountBalance=100]]  20-01-2021 PST 17:53
{INFO}  com.app.main.bankingMain         Employee Menu  20-01-2021 PST 17:53
{INFO}  com.app.main.bankingMain  1)View customers' balances  20-01-2021 PST 17:53
{INFO}  com.app.main.bankingMain  2)View all transactions  20-01-2021 PST 17:53
{INFO}  com.app.main.bankingMain  3)Delete a customer account  20-01-2021 PST 17:53
{INFO}  com.app.main.bankingMain  4)View new customer requests  20-01-2021 PST 17:53
{INFO}  com.app.main.bankingMain  5)Accept a new customer request  20-01-2021 PST 17:53
{INFO}  com.app.main.bankingMain  6)Reject a new customer request  20-01-2021 PST 17:53
{INFO}  com.app.main.bankingMain                7)Exit  20-01-2021 PST 17:53
{INFO}  com.app.main.bankingMain  5)Accept a new customer request  20-01-2021 PST 17:53
{INFO}  com.app.main.bankingMain  Please enter a requestId to approve  20-01-2021 PST 17:53
{INFO}  com.app.service.impl.CustomerCrudServiceImpl  Customer request has been approved  20-01-2021 PST 17:53
{INFO}  com.app.main.bankingMain         Employee Menu  20-01-2021 PST 17:53
{INFO}  com.app.main.bankingMain  1)View customers' balances  20-01-2021 PST 17:53
{INFO}  com.app.main.bankingMain  2)View all transactions  20-01-2021 PST 17:53
{INFO}  com.app.main.bankingMain  3)Delete a customer account  20-01-2021 PST 17:53
{INFO}  com.app.main.bankingMain  4)View new customer requests  20-01-2021 PST 17:53
{INFO}  com.app.main.bankingMain  5)Accept a new customer request  20-01-2021 PST 17:53
{INFO}  com.app.main.bankingMain  6)Reject a new customer request  20-01-2021 PST 17:53
{INFO}  com.app.main.bankingMain                7)Exit  20-01-2021 PST 17:53
{INFO}  com.app.main.bankingMain  Welcome to Bank of Java.  20-01-2021 PST 17:57
{INFO}  com.app.main.bankingMain  Please select a choice.  20-01-2021 PST 17:57
{INFO}  com.app.main.bankingMain  1)Apply for a new account  20-01-2021 PST 17:57
{INFO}  com.app.main.bankingMain      2)Customer login  20-01-2021 PST 17:57
{INFO}  com.app.main.bankingMain      3)Employee Login  20-01-2021 PST 17:57
{INFO}  com.app.main.bankingMain                4)Exit  20-01-2021 PST 17:57
{INFO}  com.app.main.bankingMain        Employee Login  20-01-2021 PST 17:57
{INFO}  com.app.main.bankingMain     Enter your email.  20-01-2021 PST 17:57
{INFO}  com.app.main.bankingMain   Enter your password  20-01-2021 PST 17:57
{INFO}  com.app.service.impl.CustomerSearchServiceImpl  Username and password do not match  20-01-2021 PST 17:57
{INFO}  com.app.main.bankingMain        Employee Login  20-01-2021 PST 17:57
{INFO}  com.app.main.bankingMain     Enter your email.  20-01-2021 PST 17:57
{INFO}  com.app.main.bankingMain   Enter your password  20-01-2021 PST 17:57
{INFO}  com.app.main.bankingMain  Employee [employeeId=0, firstName=java, lastName=coder, email=javacoder@email, password=java]  20-01-2021 PST 17:57
{INFO}  com.app.main.bankingMain         Employee Menu  20-01-2021 PST 17:57
{INFO}  com.app.main.bankingMain  1)View customers' balances  20-01-2021 PST 17:57
{INFO}  com.app.main.bankingMain  2)View all transactions  20-01-2021 PST 17:57
{INFO}  com.app.main.bankingMain  3)Delete a customer account  20-01-2021 PST 17:57
{INFO}  com.app.main.bankingMain  4)View new customer requests  20-01-2021 PST 17:57
{INFO}  com.app.main.bankingMain  5)Accept a new customer request  20-01-2021 PST 17:57
{INFO}  com.app.main.bankingMain  6)Reject a new customer request  20-01-2021 PST 17:57
{INFO}  com.app.main.bankingMain                7)Exit  20-01-2021 PST 17:57
{INFO}  com.app.main.bankingMain  4)View new customer requests  20-01-2021 PST 17:57
{INFO}  com.app.main.bankingMain  [CustomerRequests [requestId=3, customerFirstName=first, customerLastName=last, customerEmail=email1, customerPassword=pass, customerDob=2020-01-01, AccountBalance=100]]  20-01-2021 PST 17:57
{INFO}  com.app.main.bankingMain         Employee Menu  20-01-2021 PST 17:57
{INFO}  com.app.main.bankingMain  1)View customers' balances  20-01-2021 PST 17:57
{INFO}  com.app.main.bankingMain  2)View all transactions  20-01-2021 PST 17:57
{INFO}  com.app.main.bankingMain  3)Delete a customer account  20-01-2021 PST 17:57
{INFO}  com.app.main.bankingMain  4)View new customer requests  20-01-2021 PST 17:57
{INFO}  com.app.main.bankingMain  5)Accept a new customer request  20-01-2021 PST 17:57
{INFO}  com.app.main.bankingMain  6)Reject a new customer request  20-01-2021 PST 17:57
{INFO}  com.app.main.bankingMain                7)Exit  20-01-2021 PST 17:57
{INFO}  com.app.main.bankingMain  5)Accept a new customer request  20-01-2021 PST 17:57
{INFO}  com.app.main.bankingMain  Please enter a requestId to approve  20-01-2021 PST 17:57
{INFO}  com.app.service.impl.CustomerCrudServiceImpl  Customer request has been approved  20-01-2021 PST 17:57
{INFO}  com.app.main.bankingMain         Employee Menu  20-01-2021 PST 17:57
{INFO}  com.app.main.bankingMain  1)View customers' balances  20-01-2021 PST 17:57
{INFO}  com.app.main.bankingMain  2)View all transactions  20-01-2021 PST 17:57
{INFO}  com.app.main.bankingMain  3)Delete a customer account  20-01-2021 PST 17:57
{INFO}  com.app.main.bankingMain  4)View new customer requests  20-01-2021 PST 17:57
{INFO}  com.app.main.bankingMain  5)Accept a new customer request  20-01-2021 PST 17:57
{INFO}  com.app.main.bankingMain  6)Reject a new customer request  20-01-2021 PST 17:57
{INFO}  com.app.main.bankingMain                7)Exit  20-01-2021 PST 17:57
{INFO}  com.app.main.bankingMain  Welcome to Bank of Java.  20-01-2021 PST 18:01
{INFO}  com.app.main.bankingMain  Please select a choice.  20-01-2021 PST 18:01
{INFO}  com.app.main.bankingMain  1)Apply for a new account  20-01-2021 PST 18:01
{INFO}  com.app.main.bankingMain      2)Customer login  20-01-2021 PST 18:01
{INFO}  com.app.main.bankingMain      3)Employee Login  20-01-2021 PST 18:01
{INFO}  com.app.main.bankingMain                4)Exit  20-01-2021 PST 18:01
{INFO}  com.app.main.bankingMain        Employee Login  20-01-2021 PST 18:01
{INFO}  com.app.main.bankingMain     Enter your email.  20-01-2021 PST 18:01
{INFO}  com.app.main.bankingMain   Enter your password  20-01-2021 PST 18:02
{INFO}  com.app.main.bankingMain  Employee [employeeId=0, firstName=java, lastName=coder, email=javacoder@email, password=java]  20-01-2021 PST 18:02
{INFO}  com.app.main.bankingMain         Employee Menu  20-01-2021 PST 18:02
{INFO}  com.app.main.bankingMain  1)View customers' balances  20-01-2021 PST 18:02
{INFO}  com.app.main.bankingMain  2)View all transactions  20-01-2021 PST 18:02
{INFO}  com.app.main.bankingMain  3)Delete a customer account  20-01-2021 PST 18:02
{INFO}  com.app.main.bankingMain  4)View new customer requests  20-01-2021 PST 18:02
{INFO}  com.app.main.bankingMain  5)Accept a new customer request  20-01-2021 PST 18:02
{INFO}  com.app.main.bankingMain  6)Reject a new customer request  20-01-2021 PST 18:02
{INFO}  com.app.main.bankingMain                7)Exit  20-01-2021 PST 18:02
{INFO}  com.app.main.bankingMain  4)View new customer requests  20-01-2021 PST 18:02
{INFO}  com.app.main.bankingMain  [CustomerRequests [requestId=3, customerFirstName=first, customerLastName=last, customerEmail=email1, customerPassword=pass, customerDob=2020-01-01, AccountBalance=100]]  20-01-2021 PST 18:02
{INFO}  com.app.main.bankingMain         Employee Menu  20-01-2021 PST 18:02
{INFO}  com.app.main.bankingMain  1)View customers' balances  20-01-2021 PST 18:02
{INFO}  com.app.main.bankingMain  2)View all transactions  20-01-2021 PST 18:02
{INFO}  com.app.main.bankingMain  3)Delete a customer account  20-01-2021 PST 18:02
{INFO}  com.app.main.bankingMain  4)View new customer requests  20-01-2021 PST 18:02
{INFO}  com.app.main.bankingMain  5)Accept a new customer request  20-01-2021 PST 18:02
{INFO}  com.app.main.bankingMain  6)Reject a new customer request  20-01-2021 PST 18:02
{INFO}  com.app.main.bankingMain                7)Exit  20-01-2021 PST 18:02
{INFO}  com.app.main.bankingMain  5)Accept a new customer request  20-01-2021 PST 18:02
{INFO}  com.app.main.bankingMain  Please enter a requestId to approve  20-01-2021 PST 18:02
{INFO}  com.app.service.impl.CustomerCrudServiceImpl  Customer request has been approved  20-01-2021 PST 18:02
{INFO}  com.app.main.bankingMain         Employee Menu  20-01-2021 PST 18:02
{INFO}  com.app.main.bankingMain  1)View customers' balances  20-01-2021 PST 18:02
{INFO}  com.app.main.bankingMain  2)View all transactions  20-01-2021 PST 18:02
{INFO}  com.app.main.bankingMain  3)Delete a customer account  20-01-2021 PST 18:02
{INFO}  com.app.main.bankingMain  4)View new customer requests  20-01-2021 PST 18:02
{INFO}  com.app.main.bankingMain  5)Accept a new customer request  20-01-2021 PST 18:02
{INFO}  com.app.main.bankingMain  6)Reject a new customer request  20-01-2021 PST 18:02
{INFO}  com.app.main.bankingMain                7)Exit  20-01-2021 PST 18:02
{INFO}  com.app.main.bankingMain  Welcome to Bank of Java.  20-01-2021 PST 18:03
{INFO}  com.app.main.bankingMain  Please select a choice.  20-01-2021 PST 18:03
{INFO}  com.app.main.bankingMain  1)Apply for a new account  20-01-2021 PST 18:03
{INFO}  com.app.main.bankingMain      2)Customer login  20-01-2021 PST 18:03
{INFO}  com.app.main.bankingMain      3)Employee Login  20-01-2021 PST 18:03
{INFO}  com.app.main.bankingMain                4)Exit  20-01-2021 PST 18:03
{INFO}  com.app.main.bankingMain        Employee Login  20-01-2021 PST 18:03
{INFO}  com.app.main.bankingMain     Enter your email.  20-01-2021 PST 18:03
{INFO}  com.app.main.bankingMain   Enter your password  20-01-2021 PST 18:03
{INFO}  com.app.main.bankingMain  Employee [employeeId=0, firstName=java, lastName=coder, email=javacoder@email, password=java]  20-01-2021 PST 18:03
{INFO}  com.app.main.bankingMain         Employee Menu  20-01-2021 PST 18:03
{INFO}  com.app.main.bankingMain  1)View customers' balances  20-01-2021 PST 18:03
{INFO}  com.app.main.bankingMain  2)View all transactions  20-01-2021 PST 18:03
{INFO}  com.app.main.bankingMain  3)Delete a customer account  20-01-2021 PST 18:03
{INFO}  com.app.main.bankingMain  4)View new customer requests  20-01-2021 PST 18:03
{INFO}  com.app.main.bankingMain  5)Accept a new customer request  20-01-2021 PST 18:03
{INFO}  com.app.main.bankingMain  6)Reject a new customer request  20-01-2021 PST 18:03
{INFO}  com.app.main.bankingMain                7)Exit  20-01-2021 PST 18:03
{INFO}  com.app.main.bankingMain  4)View new customer requests  20-01-2021 PST 18:03
{INFO}  com.app.main.bankingMain  [CustomerRequests [requestId=3, customerFirstName=first, customerLastName=last, customerEmail=email1, customerPassword=pass, customerDob=2020-01-01, AccountBalance=100]]  20-01-2021 PST 18:03
{INFO}  com.app.main.bankingMain         Employee Menu  20-01-2021 PST 18:03
{INFO}  com.app.main.bankingMain  1)View customers' balances  20-01-2021 PST 18:03
{INFO}  com.app.main.bankingMain  2)View all transactions  20-01-2021 PST 18:03
{INFO}  com.app.main.bankingMain  3)Delete a customer account  20-01-2021 PST 18:03
{INFO}  com.app.main.bankingMain  4)View new customer requests  20-01-2021 PST 18:03
{INFO}  com.app.main.bankingMain  5)Accept a new customer request  20-01-2021 PST 18:03
{INFO}  com.app.main.bankingMain  6)Reject a new customer request  20-01-2021 PST 18:03
{INFO}  com.app.main.bankingMain                7)Exit  20-01-2021 PST 18:03
{INFO}  com.app.main.bankingMain  5)Accept a new customer request  20-01-2021 PST 18:03
{INFO}  com.app.main.bankingMain  Please enter a requestId to approve  20-01-2021 PST 18:03
{INFO}  com.app.service.impl.CustomerCrudServiceImpl  Customer request has been approved  20-01-2021 PST 18:03
{INFO}  com.app.main.bankingMain         Employee Menu  20-01-2021 PST 18:03
{INFO}  com.app.main.bankingMain  1)View customers' balances  20-01-2021 PST 18:03
{INFO}  com.app.main.bankingMain  2)View all transactions  20-01-2021 PST 18:03
{INFO}  com.app.main.bankingMain  3)Delete a customer account  20-01-2021 PST 18:03
{INFO}  com.app.main.bankingMain  4)View new customer requests  20-01-2021 PST 18:03
{INFO}  com.app.main.bankingMain  5)Accept a new customer request  20-01-2021 PST 18:03
{INFO}  com.app.main.bankingMain  6)Reject a new customer request  20-01-2021 PST 18:03
{INFO}  com.app.main.bankingMain                7)Exit  20-01-2021 PST 18:03
{INFO}  com.app.main.bankingMain  Welcome to Bank of Java.  20-01-2021 PST 18:04
{INFO}  com.app.main.bankingMain  Please select a choice.  20-01-2021 PST 18:04
{INFO}  com.app.main.bankingMain  1)Apply for a new account  20-01-2021 PST 18:04
{INFO}  com.app.main.bankingMain      2)Customer login  20-01-2021 PST 18:04
{INFO}  com.app.main.bankingMain      3)Employee Login  20-01-2021 PST 18:04
{INFO}  com.app.main.bankingMain                4)Exit  20-01-2021 PST 18:04
{INFO}  com.app.main.bankingMain        Employee Login  20-01-2021 PST 18:04
{INFO}  com.app.main.bankingMain     Enter your email.  20-01-2021 PST 18:04
{INFO}  com.app.main.bankingMain   Enter your password  20-01-2021 PST 18:04
{INFO}  com.app.main.bankingMain  Employee [employeeId=0, firstName=java, lastName=coder, email=javacoder@email, password=java]  20-01-2021 PST 18:04
{INFO}  com.app.main.bankingMain         Employee Menu  20-01-2021 PST 18:04
{INFO}  com.app.main.bankingMain  1)View customers' balances  20-01-2021 PST 18:04
{INFO}  com.app.main.bankingMain  2)View all transactions  20-01-2021 PST 18:04
{INFO}  com.app.main.bankingMain  3)Delete a customer account  20-01-2021 PST 18:04
{INFO}  com.app.main.bankingMain  4)View new customer requests  20-01-2021 PST 18:04
{INFO}  com.app.main.bankingMain  5)Accept a new customer request  20-01-2021 PST 18:04
{INFO}  com.app.main.bankingMain  6)Reject a new customer request  20-01-2021 PST 18:04
{INFO}  com.app.main.bankingMain                7)Exit  20-01-2021 PST 18:04
{INFO}  com.app.main.bankingMain  4)View new customer requests  20-01-2021 PST 18:04
{INFO}  com.app.main.bankingMain  [CustomerRequests [requestId=3, customerFirstName=first, customerLastName=last, customerEmail=email1, customerPassword=pass, customerDob=2020-01-01, AccountBalance=100]]  20-01-2021 PST 18:04
{INFO}  com.app.main.bankingMain         Employee Menu  20-01-2021 PST 18:04
{INFO}  com.app.main.bankingMain  1)View customers' balances  20-01-2021 PST 18:04
{INFO}  com.app.main.bankingMain  2)View all transactions  20-01-2021 PST 18:04
{INFO}  com.app.main.bankingMain  3)Delete a customer account  20-01-2021 PST 18:04
{INFO}  com.app.main.bankingMain  4)View new customer requests  20-01-2021 PST 18:04
{INFO}  com.app.main.bankingMain  5)Accept a new customer request  20-01-2021 PST 18:04
{INFO}  com.app.main.bankingMain  6)Reject a new customer request  20-01-2021 PST 18:04
{INFO}  com.app.main.bankingMain                7)Exit  20-01-2021 PST 18:04
{INFO}  com.app.main.bankingMain  5)Accept a new customer request  20-01-2021 PST 18:04
{INFO}  com.app.main.bankingMain  Please enter a requestId to approve  20-01-2021 PST 18:04
{INFO}  com.app.service.impl.CustomerCrudServiceImpl  Customer request has been approved  20-01-2021 PST 18:04
{INFO}  com.app.main.bankingMain         Employee Menu  20-01-2021 PST 18:04
{INFO}  com.app.main.bankingMain  1)View customers' balances  20-01-2021 PST 18:04
{INFO}  com.app.main.bankingMain  2)View all transactions  20-01-2021 PST 18:04
{INFO}  com.app.main.bankingMain  3)Delete a customer account  20-01-2021 PST 18:04
{INFO}  com.app.main.bankingMain  4)View new customer requests  20-01-2021 PST 18:04
{INFO}  com.app.main.bankingMain  5)Accept a new customer request  20-01-2021 PST 18:04
{INFO}  com.app.main.bankingMain  6)Reject a new customer request  20-01-2021 PST 18:04
{INFO}  com.app.main.bankingMain                7)Exit  20-01-2021 PST 18:04
{INFO}  com.app.main.bankingMain  Welcome to Bank of Java.  20-01-2021 PST 18:06
{INFO}  com.app.main.bankingMain  Please select a choice.  20-01-2021 PST 18:06
{INFO}  com.app.main.bankingMain  1)Apply for a new account  20-01-2021 PST 18:06
{INFO}  com.app.main.bankingMain      2)Customer login  20-01-2021 PST 18:06
{INFO}  com.app.main.bankingMain      3)Employee Login  20-01-2021 PST 18:06
{INFO}  com.app.main.bankingMain                4)Exit  20-01-2021 PST 18:06
{INFO}  com.app.main.bankingMain        Employee Login  20-01-2021 PST 18:06
{INFO}  com.app.main.bankingMain     Enter your email.  20-01-2021 PST 18:06
{INFO}  com.app.main.bankingMain   Enter your password  20-01-2021 PST 18:06
{INFO}  com.app.main.bankingMain  Employee [employeeId=0, firstName=java, lastName=coder, email=javacoder@email, password=java]  20-01-2021 PST 18:06
{INFO}  com.app.main.bankingMain         Employee Menu  20-01-2021 PST 18:06
{INFO}  com.app.main.bankingMain  1)View customers' balances  20-01-2021 PST 18:06
{INFO}  com.app.main.bankingMain  2)View all transactions  20-01-2021 PST 18:06
{INFO}  com.app.main.bankingMain  3)Delete a customer account  20-01-2021 PST 18:06
{INFO}  com.app.main.bankingMain  4)View new customer requests  20-01-2021 PST 18:06
{INFO}  com.app.main.bankingMain  5)Accept a new customer request  20-01-2021 PST 18:06
{INFO}  com.app.main.bankingMain  6)Reject a new customer request  20-01-2021 PST 18:06
{INFO}  com.app.main.bankingMain                7)Exit  20-01-2021 PST 18:06
{INFO}  com.app.main.bankingMain  4)View new customer requests  20-01-2021 PST 18:06
{INFO}  com.app.main.bankingMain  [CustomerRequests [requestId=3, customerFirstName=first, customerLastName=last, customerEmail=email1, customerPassword=pass, customerDob=2020-01-01, AccountBalance=100]]  20-01-2021 PST 18:06
{INFO}  com.app.main.bankingMain         Employee Menu  20-01-2021 PST 18:06
{INFO}  com.app.main.bankingMain  1)View customers' balances  20-01-2021 PST 18:06
{INFO}  com.app.main.bankingMain  2)View all transactions  20-01-2021 PST 18:06
{INFO}  com.app.main.bankingMain  3)Delete a customer account  20-01-2021 PST 18:06
{INFO}  com.app.main.bankingMain  4)View new customer requests  20-01-2021 PST 18:06
{INFO}  com.app.main.bankingMain  5)Accept a new customer request  20-01-2021 PST 18:06
{INFO}  com.app.main.bankingMain  6)Reject a new customer request  20-01-2021 PST 18:06
{INFO}  com.app.main.bankingMain                7)Exit  20-01-2021 PST 18:06
{INFO}  com.app.main.bankingMain  5)Accept a new customer request  20-01-2021 PST 18:06
{INFO}  com.app.main.bankingMain  Please enter a requestId to approve  20-01-2021 PST 18:06
{INFO}  com.app.service.impl.CustomerCrudServiceImpl  Customer request has been approved  20-01-2021 PST 18:06
{INFO}  com.app.main.bankingMain         Employee Menu  20-01-2021 PST 18:06
{INFO}  com.app.main.bankingMain  1)View customers' balances  20-01-2021 PST 18:06
{INFO}  com.app.main.bankingMain  2)View all transactions  20-01-2021 PST 18:06
{INFO}  com.app.main.bankingMain  3)Delete a customer account  20-01-2021 PST 18:06
{INFO}  com.app.main.bankingMain  4)View new customer requests  20-01-2021 PST 18:06
{INFO}  com.app.main.bankingMain  5)Accept a new customer request  20-01-2021 PST 18:06
{INFO}  com.app.main.bankingMain  6)Reject a new customer request  20-01-2021 PST 18:06
{INFO}  com.app.main.bankingMain                7)Exit  20-01-2021 PST 18:06
{INFO}  com.app.main.bankingMain  Welcome to Bank of Java.  20-01-2021 PST 18:11
{INFO}  com.app.main.bankingMain  Please select a choice.  20-01-2021 PST 18:11
{INFO}  com.app.main.bankingMain  1)Apply for a new account  20-01-2021 PST 18:11
{INFO}  com.app.main.bankingMain      2)Customer login  20-01-2021 PST 18:11
{INFO}  com.app.main.bankingMain      3)Employee Login  20-01-2021 PST 18:11
{INFO}  com.app.main.bankingMain                4)Exit  20-01-2021 PST 18:11
{INFO}  com.app.main.bankingMain        Employee Login  20-01-2021 PST 18:11
{INFO}  com.app.main.bankingMain     Enter your email.  20-01-2021 PST 18:11
{INFO}  com.app.main.bankingMain   Enter your password  20-01-2021 PST 18:11
{INFO}  com.app.main.bankingMain  Employee [employeeId=0, firstName=java, lastName=coder, email=javacoder@email, password=java]  20-01-2021 PST 18:11
{INFO}  com.app.main.bankingMain         Employee Menu  20-01-2021 PST 18:11
{INFO}  com.app.main.bankingMain  1)View customers' balances  20-01-2021 PST 18:11
{INFO}  com.app.main.bankingMain  2)View all transactions  20-01-2021 PST 18:11
{INFO}  com.app.main.bankingMain  3)Delete a customer account  20-01-2021 PST 18:11
{INFO}  com.app.main.bankingMain  4)View new customer requests  20-01-2021 PST 18:11
{INFO}  com.app.main.bankingMain  5)Accept a new customer request  20-01-2021 PST 18:11
{INFO}  com.app.main.bankingMain  6)Reject a new customer request  20-01-2021 PST 18:11
{INFO}  com.app.main.bankingMain                7)Exit  20-01-2021 PST 18:11
{INFO}  com.app.main.bankingMain  4)View new customer requests  20-01-2021 PST 18:11
{INFO}  com.app.main.bankingMain  [CustomerRequests [requestId=3, customerFirstName=first, customerLastName=last, customerEmail=email1, customerPassword=pass, customerDob=2020-01-01, AccountBalance=100]]  20-01-2021 PST 18:11
{INFO}  com.app.main.bankingMain         Employee Menu  20-01-2021 PST 18:11
{INFO}  com.app.main.bankingMain  1)View customers' balances  20-01-2021 PST 18:11
{INFO}  com.app.main.bankingMain  2)View all transactions  20-01-2021 PST 18:11
{INFO}  com.app.main.bankingMain  3)Delete a customer account  20-01-2021 PST 18:11
{INFO}  com.app.main.bankingMain  4)View new customer requests  20-01-2021 PST 18:11
{INFO}  com.app.main.bankingMain  5)Accept a new customer request  20-01-2021 PST 18:11
{INFO}  com.app.main.bankingMain  6)Reject a new customer request  20-01-2021 PST 18:11
{INFO}  com.app.main.bankingMain                7)Exit  20-01-2021 PST 18:11
{INFO}  com.app.main.bankingMain  5)Accept a new customer request  20-01-2021 PST 18:11
{INFO}  com.app.main.bankingMain  Please enter a requestId to approve  20-01-2021 PST 18:11
{INFO}  com.app.service.impl.CustomerCrudServiceImpl  Customer request has been approved  20-01-2021 PST 18:11
{INFO}  com.app.main.bankingMain         Employee Menu  20-01-2021 PST 18:11
{INFO}  com.app.main.bankingMain  1)View customers' balances  20-01-2021 PST 18:11
{INFO}  com.app.main.bankingMain  2)View all transactions  20-01-2021 PST 18:11
{INFO}  com.app.main.bankingMain  3)Delete a customer account  20-01-2021 PST 18:11
{INFO}  com.app.main.bankingMain  4)View new customer requests  20-01-2021 PST 18:11
{INFO}  com.app.main.bankingMain  5)Accept a new customer request  20-01-2021 PST 18:11
{INFO}  com.app.main.bankingMain  6)Reject a new customer request  20-01-2021 PST 18:11
{INFO}  com.app.main.bankingMain                7)Exit  20-01-2021 PST 18:11
{INFO}  com.app.main.bankingMain                  Exit  20-01-2021 PST 18:12
{INFO}  com.app.main.bankingMain  Please select a choice.  20-01-2021 PST 18:12
{INFO}  com.app.main.bankingMain  1)Apply for a new account  20-01-2021 PST 18:12
{INFO}  com.app.main.bankingMain      2)Customer login  20-01-2021 PST 18:12
{INFO}  com.app.main.bankingMain      3)Employee Login  20-01-2021 PST 18:12
{INFO}  com.app.main.bankingMain                4)Exit  20-01-2021 PST 18:12
{INFO}  com.app.main.bankingMain        Customer Login  20-01-2021 PST 18:12
{INFO}  com.app.main.bankingMain     Enter your email.  20-01-2021 PST 18:12
{INFO}  com.app.main.bankingMain   Enter your password  20-01-2021 PST 18:12
{INFO}  com.app.main.bankingMain  Customer [customerId=4, customerFirstName=null, customerLastName=null, customerAge=null, customerEmail=person@email, customerPassword=pass, customerDob=null, AccountBalance=0, AccountNumber=0]  20-01-2021 PST 18:13
{INFO}  com.app.main.bankingMain        Customer Id: 4  20-01-2021 PST 18:13
{INFO}  com.app.main.bankingMain    Account Number: 12  20-01-2021 PST 18:13
{INFO}  com.app.main.bankingMain            Balance: 0  20-01-2021 PST 18:13
{INFO}  com.app.main.bankingMain         Customer Menu  20-01-2021 PST 18:13
{INFO}  com.app.main.bankingMain        1)View Balance  20-01-2021 PST 18:13
{INFO}  com.app.main.bankingMain       2)Deposit money  20-01-2021 PST 18:13
{INFO}  com.app.main.bankingMain      3)Withdraw money  20-01-2021 PST 18:13
{INFO}  com.app.main.bankingMain          4)Send money  20-01-2021 PST 18:13
{INFO}  com.app.main.bankingMain       5)Receive money  20-01-2021 PST 18:13
{INFO}  com.app.main.bankingMain                6)Exit  20-01-2021 PST 18:13
{INFO}  com.app.main.bankingMain         Deposit Money  20-01-2021 PST 18:13
{INFO}  com.app.main.bankingMain        customerId = 4  20-01-2021 PST 18:13
{INFO}  com.app.main.bankingMain   account balance = 0  20-01-2021 PST 18:13
{INFO}  com.app.main.bankingMain  Enter deposit amount.  20-01-2021 PST 18:13
{INFO}  com.app.dao.impl.CustomerCrudDAOImpl  deposit -> customerAccount.getCustomerId() 4  20-01-2021 PST 18:13
{INFO}  com.app.service.impl.CustomerCrudServiceImpl  Deposit was successful.  20-01-2021 PST 18:13
{INFO}  com.app.dao.impl.CustomerCrudDAOImpl        getAmount: 500  20-01-2021 PST 18:13
{INFO}  com.app.dao.impl.CustomerCrudDAOImpl  getAccountNumber: 12  20-01-2021 PST 18:13
{INFO}  com.app.service.impl.CustomerCrudServiceImpl  Updating the transactions log was successful.  20-01-2021 PST 18:13
{INFO}  com.app.main.bankingMain      New balance: 500  20-01-2021 PST 18:13
{INFO}  com.app.main.bankingMain         Customer Menu  20-01-2021 PST 18:13
{INFO}  com.app.main.bankingMain        1)View Balance  20-01-2021 PST 18:13
{INFO}  com.app.main.bankingMain       2)Deposit money  20-01-2021 PST 18:13
{INFO}  com.app.main.bankingMain      3)Withdraw money  20-01-2021 PST 18:13
{INFO}  com.app.main.bankingMain          4)Send money  20-01-2021 PST 18:13
{INFO}  com.app.main.bankingMain       5)Receive money  20-01-2021 PST 18:13
{INFO}  com.app.main.bankingMain                6)Exit  20-01-2021 PST 18:13
{INFO}  com.app.main.bankingMain            Send money  20-01-2021 PST 18:13
{INFO}  com.app.main.bankingMain                   500  20-01-2021 PST 18:13
{INFO}  com.app.main.bankingMain         Enter amount.  20-01-2021 PST 18:13
{INFO}  com.app.main.bankingMain  Please enter an account number to send money to.  20-01-2021 PST 18:13
{INFO}  com.app.service.impl.CustomerCrudServiceImpl  Sending money request was successful.  20-01-2021 PST 18:13
{INFO}  com.app.main.bankingMain         Customer Menu  20-01-2021 PST 18:13
{INFO}  com.app.main.bankingMain        1)View Balance  20-01-2021 PST 18:13
{INFO}  com.app.main.bankingMain       2)Deposit money  20-01-2021 PST 18:13
{INFO}  com.app.main.bankingMain      3)Withdraw money  20-01-2021 PST 18:13
{INFO}  com.app.main.bankingMain          4)Send money  20-01-2021 PST 18:13
{INFO}  com.app.main.bankingMain       5)Receive money  20-01-2021 PST 18:13
{INFO}  com.app.main.bankingMain                6)Exit  20-01-2021 PST 18:13
{INFO}  com.app.main.bankingMain                  Exit  20-01-2021 PST 18:13
{INFO}  com.app.main.bankingMain  Please select a choice.  20-01-2021 PST 18:13
{INFO}  com.app.main.bankingMain  1)Apply for a new account  20-01-2021 PST 18:13
{INFO}  com.app.main.bankingMain      2)Customer login  20-01-2021 PST 18:13
{INFO}  com.app.main.bankingMain      3)Employee Login  20-01-2021 PST 18:13
{INFO}  com.app.main.bankingMain                4)Exit  20-01-2021 PST 18:13
{INFO}  com.app.main.bankingMain        Employee Login  20-01-2021 PST 18:13
{INFO}  com.app.main.bankingMain     Enter your email.  20-01-2021 PST 18:13
{INFO}  com.app.main.bankingMain   Enter your password  20-01-2021 PST 18:13
{INFO}  com.app.main.bankingMain  Employee [employeeId=0, firstName=java, lastName=coder, email=javacoder@email, password=java]  20-01-2021 PST 18:13
{INFO}  com.app.main.bankingMain         Employee Menu  20-01-2021 PST 18:13
{INFO}  com.app.main.bankingMain  1)View customers' balances  20-01-2021 PST 18:13
{INFO}  com.app.main.bankingMain  2)View all transactions  20-01-2021 PST 18:13
{INFO}  com.app.main.bankingMain  3)Delete a customer account  20-01-2021 PST 18:13
{INFO}  com.app.main.bankingMain  4)View new customer requests  20-01-2021 PST 18:13
{INFO}  com.app.main.bankingMain  5)Accept a new customer request  20-01-2021 PST 18:13
{INFO}  com.app.main.bankingMain  6)Reject a new customer request  20-01-2021 PST 18:13
{INFO}  com.app.main.bankingMain                7)Exit  20-01-2021 PST 18:13
{INFO}  com.app.main.bankingMain  4)View new customer requests  20-01-2021 PST 18:13
{INFO}  com.app.service.impl.CustomerSearchServiceImpl  No customer requests  20-01-2021 PST 18:13
{INFO}  com.app.main.bankingMain                    []  20-01-2021 PST 18:13
{INFO}  com.app.main.bankingMain         Employee Menu  20-01-2021 PST 18:13
{INFO}  com.app.main.bankingMain  1)View customers' balances  20-01-2021 PST 18:13
{INFO}  com.app.main.bankingMain  2)View all transactions  20-01-2021 PST 18:13
{INFO}  com.app.main.bankingMain  3)Delete a customer account  20-01-2021 PST 18:13
{INFO}  com.app.main.bankingMain  4)View new customer requests  20-01-2021 PST 18:13
{INFO}  com.app.main.bankingMain  5)Accept a new customer request  20-01-2021 PST 18:13
{INFO}  com.app.main.bankingMain  6)Reject a new customer request  20-01-2021 PST 18:13
{INFO}  com.app.main.bankingMain                7)Exit  20-01-2021 PST 18:13
{INFO}  com.app.main.bankingMain                  Exit  20-01-2021 PST 18:13
{INFO}  com.app.main.bankingMain  Please select a choice.  20-01-2021 PST 18:13
{INFO}  com.app.main.bankingMain  1)Apply for a new account  20-01-2021 PST 18:13
{INFO}  com.app.main.bankingMain      2)Customer login  20-01-2021 PST 18:13
{INFO}  com.app.main.bankingMain      3)Employee Login  20-01-2021 PST 18:13
{INFO}  com.app.main.bankingMain                4)Exit  20-01-2021 PST 18:13
{INFO}  com.app.main.bankingMain  Enter your first name.  20-01-2021 PST 18:14
{INFO}  com.app.main.bankingMain  Enter your last name.  20-01-2021 PST 18:14
{INFO}  com.app.main.bankingMain  Enter your email address.  20-01-2021 PST 18:14
{INFO}  com.app.main.bankingMain     Enter a password.  20-01-2021 PST 18:14
{INFO}  com.app.main.bankingMain  Enter your date of birth.  20-01-2021 PST 18:14
{INFO}  com.app.main.bankingMain  Enter a starting balance.  20-01-2021 PST 18:14
{INFO}  com.app.service.impl.CustomerCrudServiceImpl  Customer created successfully.  20-01-2021 PST 18:14
{INFO}  com.app.main.bankingMain  Please select a choice.  20-01-2021 PST 18:14
{INFO}  com.app.main.bankingMain  1)Apply for a new account  20-01-2021 PST 18:14
{INFO}  com.app.main.bankingMain      2)Customer login  20-01-2021 PST 18:14
{INFO}  com.app.main.bankingMain      3)Employee Login  20-01-2021 PST 18:14
{INFO}  com.app.main.bankingMain                4)Exit  20-01-2021 PST 18:14
{INFO}  com.app.main.bankingMain        Employee Login  20-01-2021 PST 18:14
{INFO}  com.app.main.bankingMain     Enter your email.  20-01-2021 PST 18:14
{INFO}  com.app.main.bankingMain   Enter your password  20-01-2021 PST 18:14
{INFO}  com.app.main.bankingMain  Employee [employeeId=0, firstName=java, lastName=coder, email=javacoder@email, password=java]  20-01-2021 PST 18:14
{INFO}  com.app.main.bankingMain         Employee Menu  20-01-2021 PST 18:14
{INFO}  com.app.main.bankingMain  1)View customers' balances  20-01-2021 PST 18:14
{INFO}  com.app.main.bankingMain  2)View all transactions  20-01-2021 PST 18:14
{INFO}  com.app.main.bankingMain  3)Delete a customer account  20-01-2021 PST 18:14
{INFO}  com.app.main.bankingMain  4)View new customer requests  20-01-2021 PST 18:14
{INFO}  com.app.main.bankingMain  5)Accept a new customer request  20-01-2021 PST 18:14
{INFO}  com.app.main.bankingMain  6)Reject a new customer request  20-01-2021 PST 18:14
{INFO}  com.app.main.bankingMain                7)Exit  20-01-2021 PST 18:14
{INFO}  com.app.main.bankingMain  4)View new customer requests  20-01-2021 PST 18:14
{INFO}  com.app.main.bankingMain  [CustomerRequests [requestId=4, customerFirstName=test, customerLastName=test, customerEmail=test@email, customerPassword=pass, customerDob=2020-01-01, AccountBalance=700]]  20-01-2021 PST 18:14
{INFO}  com.app.main.bankingMain         Employee Menu  20-01-2021 PST 18:14
{INFO}  com.app.main.bankingMain  1)View customers' balances  20-01-2021 PST 18:14
{INFO}  com.app.main.bankingMain  2)View all transactions  20-01-2021 PST 18:14
{INFO}  com.app.main.bankingMain  3)Delete a customer account  20-01-2021 PST 18:14
{INFO}  com.app.main.bankingMain  4)View new customer requests  20-01-2021 PST 18:14
{INFO}  com.app.main.bankingMain  5)Accept a new customer request  20-01-2021 PST 18:14
{INFO}  com.app.main.bankingMain  6)Reject a new customer request  20-01-2021 PST 18:14
{INFO}  com.app.main.bankingMain                7)Exit  20-01-2021 PST 18:14
{INFO}  com.app.main.bankingMain  6)Reject a new customer request  20-01-2021 PST 18:14
{INFO}  com.app.main.bankingMain  Please enter a requestId to reject  20-01-2021 PST 18:14
{INFO}  com.app.service.impl.CustomerCrudServiceImpl  Customer request 4 was not successfully deleted  20-01-2021 PST 18:14
{INFO}  com.app.main.bankingMain         Employee Menu  20-01-2021 PST 18:14
{INFO}  com.app.main.bankingMain  1)View customers' balances  20-01-2021 PST 18:14
{INFO}  com.app.main.bankingMain  2)View all transactions  20-01-2021 PST 18:14
{INFO}  com.app.main.bankingMain  3)Delete a customer account  20-01-2021 PST 18:14
{INFO}  com.app.main.bankingMain  4)View new customer requests  20-01-2021 PST 18:14
{INFO}  com.app.main.bankingMain  5)Accept a new customer request  20-01-2021 PST 18:14
{INFO}  com.app.main.bankingMain  6)Reject a new customer request  20-01-2021 PST 18:14
{INFO}  com.app.main.bankingMain                7)Exit  20-01-2021 PST 18:14
{INFO}  com.app.main.bankingMain  4)View new customer requests  20-01-2021 PST 18:14
{INFO}  com.app.service.impl.CustomerSearchServiceImpl  No customer requests  20-01-2021 PST 18:14
{INFO}  com.app.main.bankingMain                    []  20-01-2021 PST 18:14
{INFO}  com.app.main.bankingMain         Employee Menu  20-01-2021 PST 18:14
{INFO}  com.app.main.bankingMain  1)View customers' balances  20-01-2021 PST 18:14
{INFO}  com.app.main.bankingMain  2)View all transactions  20-01-2021 PST 18:14
{INFO}  com.app.main.bankingMain  3)Delete a customer account  20-01-2021 PST 18:14
{INFO}  com.app.main.bankingMain  4)View new customer requests  20-01-2021 PST 18:14
{INFO}  com.app.main.bankingMain  5)Accept a new customer request  20-01-2021 PST 18:14
{INFO}  com.app.main.bankingMain  6)Reject a new customer request  20-01-2021 PST 18:14
{INFO}  com.app.main.bankingMain                7)Exit  20-01-2021 PST 18:14
{INFO}  com.app.main.bankingMain  Welcome to Bank of Java.  28-01-2021 PST 18:07
{INFO}  com.app.main.bankingMain  Please select a choice.  28-01-2021 PST 18:07
{INFO}  com.app.main.bankingMain  1)Apply for a new account  28-01-2021 PST 18:07
{INFO}  com.app.main.bankingMain      2)Customer login  28-01-2021 PST 18:07
{INFO}  com.app.main.bankingMain      3)Employee Login  28-01-2021 PST 18:07
{INFO}  com.app.main.bankingMain                4)Exit  28-01-2021 PST 18:07
{INFO}  com.app.main.bankingMain  Enter your first name.  28-01-2021 PST 18:07
{INFO}  com.app.main.bankingMain  Please enter the customer's first name.  28-01-2021 PST 18:08
{INFO}  com.app.main.bankingMain  Enter your last name.  28-01-2021 PST 18:08
{INFO}  com.app.main.bankingMain  Please enter the customer's last name.  28-01-2021 PST 18:08
{INFO}  com.app.main.bankingMain  Enter your email address.  28-01-2021 PST 18:08
{INFO}  com.app.main.bankingMain  Please enter an email address.  28-01-2021 PST 18:08
{INFO}  com.app.main.bankingMain     Enter a password.  28-01-2021 PST 18:08
{INFO}  com.app.main.bankingMain  Please enter a password.  28-01-2021 PST 18:08
{INFO}  com.app.main.bankingMain  Enter your date of birth.  28-01-2021 PST 18:08
{INFO}  com.app.main.bankingMain          Invalid date  28-01-2021 PST 18:08
{INFO}  com.app.main.bankingMain  Enter your date of birth.  28-01-2021 PST 18:08
{INFO}  com.app.main.bankingMain          Invalid date  28-01-2021 PST 18:08
{INFO}  com.app.main.bankingMain  Enter your date of birth.  28-01-2021 PST 18:08
{INFO}  com.app.main.bankingMain  Welcome to Bank of Java.  30-01-2021 PST 14:19
{INFO}  com.app.main.bankingMain  Please select a choice.  30-01-2021 PST 14:19
{INFO}  com.app.main.bankingMain  1)Apply for a new account  30-01-2021 PST 14:19
{INFO}  com.app.main.bankingMain      2)Customer login  30-01-2021 PST 14:19
{INFO}  com.app.main.bankingMain      3)Employee Login  30-01-2021 PST 14:19
{INFO}  com.app.main.bankingMain                4)Exit  30-01-2021 PST 14:19
{INFO}  com.app.main.bankingMain  Welcome to Bank of Java.  01-02-2021 PST 16:03
{INFO}  com.app.main.bankingMain  Please select a choice.  01-02-2021 PST 16:03
{INFO}  com.app.main.bankingMain  1)Apply for a new account  01-02-2021 PST 16:03
{INFO}  com.app.main.bankingMain      2)Customer login  01-02-2021 PST 16:03
{INFO}  com.app.main.bankingMain      3)Employee Login  01-02-2021 PST 16:03
{INFO}  com.app.main.bankingMain                4)Exit  01-02-2021 PST 16:03
{INFO}  com.app.main.bankingMain  Enter your first name.  01-02-2021 PST 16:03
{INFO}  com.app.main.bankingMain  Please enter the customer's first name.  01-02-2021 PST 16:03
{INFO}  com.app.main.bankingMain  Enter your last name.  01-02-2021 PST 16:03
{INFO}  com.app.main.bankingMain  Please enter the customer's last name.  01-02-2021 PST 16:03
{INFO}  com.app.main.bankingMain  Enter your email address.  01-02-2021 PST 16:03
{INFO}  com.app.main.bankingMain  Welcome to Bank of Java.  01-02-2021 PST 19:30
{INFO}  com.app.main.bankingMain  Please select a choice.  01-02-2021 PST 19:30
{INFO}  com.app.main.bankingMain  1)Apply for a new account  01-02-2021 PST 19:30
{INFO}  com.app.main.bankingMain      2)Customer login  01-02-2021 PST 19:30
{INFO}  com.app.main.bankingMain      3)Employee Login  01-02-2021 PST 19:30
{INFO}  com.app.main.bankingMain                4)Exit  01-02-2021 PST 19:30
{INFO}  com.app.main.bankingMain        Employee Login  01-02-2021 PST 19:30
{INFO}  com.app.main.bankingMain     Enter your email.  01-02-2021 PST 19:30
{INFO}  com.app.main.bankingMain   Enter your password  01-02-2021 PST 19:30
{INFO}  com.app.service.impl.CustomerSearchServiceImpl  Username and password do not match  01-02-2021 PST 19:30
{INFO}  com.app.main.bankingMain        Employee Login  01-02-2021 PST 19:30
{INFO}  com.app.main.bankingMain     Enter your email.  01-02-2021 PST 19:30
{INFO}  com.app.main.bankingMain  Welcome to Bank of Java.  02-02-2021 PST 19:29
{INFO}  com.app.main.bankingMain  Please select a choice.  02-02-2021 PST 19:29
{INFO}  com.app.main.bankingMain  1)Apply for a new account  02-02-2021 PST 19:29
{INFO}  com.app.main.bankingMain      2)Customer login  02-02-2021 PST 19:29
{INFO}  com.app.main.bankingMain      3)Employee Login  02-02-2021 PST 19:29
{INFO}  com.app.main.bankingMain                4)Exit  02-02-2021 PST 19:29
{INFO}  com.app.main.bankingMain  Welcome to Bank of Java.  04-02-2021 PST 15:37
{INFO}  com.app.main.bankingMain  Please select a choice.  04-02-2021 PST 15:37
{INFO}  com.app.main.bankingMain  1)Apply for a new account  04-02-2021 PST 15:37
{INFO}  com.app.main.bankingMain      2)Customer login  04-02-2021 PST 15:37
{INFO}  com.app.main.bankingMain      3)Employee Login  04-02-2021 PST 15:37
{INFO}  com.app.main.bankingMain                4)Exit  04-02-2021 PST 15:37
{INFO}  com.app.main.bankingMain  Welcome to Bank of Java.  09-02-2021 PST 17:40
{INFO}  com.app.main.bankingMain  Please select a choice.  09-02-2021 PST 17:40
{INFO}  com.app.main.bankingMain  1)Apply for a new account  09-02-2021 PST 17:40
{INFO}  com.app.main.bankingMain      2)Customer login  09-02-2021 PST 17:40
{INFO}  com.app.main.bankingMain      3)Employee Login  09-02-2021 PST 17:40
{INFO}  com.app.main.bankingMain                4)Exit  09-02-2021 PST 17:40
{INFO}  com.app.main.bankingMain        Customer Login  09-02-2021 PST 17:40
{INFO}  com.app.main.bankingMain     Enter your email.  09-02-2021 PST 17:40
{INFO}  com.app.main.bankingMain   Enter your password  09-02-2021 PST 17:40
{INFO}  com.app.service.impl.CustomerSearchServiceImpl  Username and password do not match  09-02-2021 PST 17:40
{INFO}  com.app.main.bankingMain        Customer Login  09-02-2021 PST 17:40
{INFO}  com.app.main.bankingMain     Enter your email.  09-02-2021 PST 17:40
{INFO}  com.app.main.bankingMain   Enter your password  09-02-2021 PST 21:44
{INFO}  com.app.service.impl.CustomerSearchServiceImpl  Username and password do not match  09-02-2021 PST 21:44
{INFO}  com.app.main.bankingMain        Customer Login  09-02-2021 PST 21:44
{INFO}  com.app.main.bankingMain     Enter your email.  09-02-2021 PST 21:44
{INFO}  com.app.main.bankingMain   Enter your password  09-02-2021 PST 21:44
{INFO}  com.app.service.impl.CustomerSearchServiceImpl  Username and password do not match  09-02-2021 PST 21:44
{INFO}  com.app.main.bankingMain        Customer Login  09-02-2021 PST 21:44
{INFO}  com.app.main.bankingMain     Enter your email.  09-02-2021 PST 21:44
{INFO}  com.app.main.bankingMain   Enter your password  09-02-2021 PST 21:45
{INFO}  com.app.service.impl.CustomerSearchServiceImpl  Username and password do not match  09-02-2021 PST 21:45
{INFO}  com.app.main.bankingMain        Customer Login  09-02-2021 PST 21:45
{INFO}  com.app.main.bankingMain     Enter your email.  09-02-2021 PST 21:45
{INFO}  com.app.main.bankingMain  Welcome to Bank of Java.  09-02-2021 PST 21:45
{INFO}  com.app.main.bankingMain  Please select a choice.  09-02-2021 PST 21:45
{INFO}  com.app.main.bankingMain  1)Apply for a new account  09-02-2021 PST 21:45
{INFO}  com.app.main.bankingMain      2)Customer login  09-02-2021 PST 21:45
{INFO}  com.app.main.bankingMain      3)Employee Login  09-02-2021 PST 21:45
{INFO}  com.app.main.bankingMain                4)Exit  09-02-2021 PST 21:45
{INFO}  com.app.main.bankingMain        Employee Login  09-02-2021 PST 21:45
{INFO}  com.app.main.bankingMain     Enter your email.  09-02-2021 PST 21:45
{INFO}  com.app.main.bankingMain   Enter your password  09-02-2021 PST 21:45
{INFO}  com.app.main.bankingMain  Employee [employeeId=0, firstName=java, lastName=coder, email=javacoder@email, password=java]  09-02-2021 PST 21:45
{INFO}  com.app.main.bankingMain         Employee Menu  09-02-2021 PST 21:45
{INFO}  com.app.main.bankingMain  1)View customers' balances  09-02-2021 PST 21:45
{INFO}  com.app.main.bankingMain  2)View all transactions  09-02-2021 PST 21:45
{INFO}  com.app.main.bankingMain  3)Delete a customer account  09-02-2021 PST 21:45
{INFO}  com.app.main.bankingMain  4)View new customer requests  09-02-2021 PST 21:45
{INFO}  com.app.main.bankingMain  5)Accept a new customer request  09-02-2021 PST 21:45
{INFO}  com.app.main.bankingMain  6)Reject a new customer request  09-02-2021 PST 21:45
{INFO}  com.app.main.bankingMain                7)Exit  09-02-2021 PST 21:45
{INFO}  com.app.main.bankingMain  View customers' balances  09-02-2021 PST 21:45
{INFO}  com.app.main.bankingMain         Employee Menu  09-02-2021 PST 21:45
{INFO}  com.app.main.bankingMain  1)View customers' balances  09-02-2021 PST 21:45
{INFO}  com.app.main.bankingMain  2)View all transactions  09-02-2021 PST 21:45
{INFO}  com.app.main.bankingMain  3)Delete a customer account  09-02-2021 PST 21:45
{INFO}  com.app.main.bankingMain  4)View new customer requests  09-02-2021 PST 21:45
{INFO}  com.app.main.bankingMain  5)Accept a new customer request  09-02-2021 PST 21:45
{INFO}  com.app.main.bankingMain  6)Reject a new customer request  09-02-2021 PST 21:45
{INFO}  com.app.main.bankingMain                7)Exit  09-02-2021 PST 21:45
