2020-12-27 14:13:58,154 [Worker-3: Loading available Gradle versions] INFO  o.e.b.c.i.u.g.PublishedGradleVersions - Gradle version information cache is up-to-date. Trying to read.
2020-12-27 14:15:51,027 [Worker-5: Creating project "banking_app"] INFO  o.e.m.c.i.l.LifecycleMappingFactory - Using org.eclipse.m2e.jdt.JarLifecycleMapping lifecycle mapping for MavenProject: com.app:banking_app:0.0.1-SNAPSHOT @ C:\Users\j_ola\Desktop\Project\banking_app\pom.xml.
2020-12-27 14:15:51,747 [Worker-5: Creating project "banking_app"] INFO  o.e.m.j.i.AbstractJavaProjectConfigurator - Adding source folder /banking_app/src/main/java
2020-12-27 14:15:51,748 [Worker-5: Creating project "banking_app"] INFO  o.e.m.j.i.AbstractJavaProjectConfigurator - Adding resource folder /banking_app/src/main/resources
2020-12-27 14:15:51,749 [Worker-5: Creating project "banking_app"] INFO  o.e.m.j.i.AbstractJavaProjectConfigurator - Adding source folder /banking_app/src/test/java
2020-12-27 14:15:51,749 [Worker-5: Creating project "banking_app"] INFO  o.e.m.j.i.AbstractJavaProjectConfigurator - Adding resource folder /banking_app/src/test/resources
2020-12-27 14:15:53,053 [Worker-1: Building] WARN  o.e.m.c.i.embedder.EclipseLogger - Using platform encoding (Cp1252 actually) to copy filtered resources, i.e. build is platform dependent!
2020-12-27 14:15:53,060 [Worker-1: Building] INFO  o.e.m.c.i.embedder.EclipseLogger - Copying 0 resource
2020-12-27 14:15:53,063 [Worker-1: Building] WARN  o.e.m.c.i.embedder.EclipseLogger - Using platform encoding (Cp1252 actually) to copy filtered resources, i.e. build is platform dependent!
2020-12-27 14:15:53,065 [Worker-1: Building] INFO  o.e.m.c.i.embedder.EclipseLogger - Copying 0 resource
2020-12-27 14:21:10,544 [Worker-3: Updating Maven Project] INFO  o.e.m.c.i.p.ProjectConfigurationManager - Update started
2020-12-27 14:21:10,887 [Worker-3: Updating Maven Project] INFO  o.e.m.c.i.l.LifecycleMappingFactory - Using org.eclipse.m2e.jdt.JarLifecycleMapping lifecycle mapping for MavenProject: com.app:banking_app:0.0.1-SNAPSHOT @ C:\Users\j_ola\Desktop\Project\banking_app\pom.xml.
2020-12-27 14:21:11,034 [Worker-3: Updating Maven Project] INFO  o.e.m.j.i.AbstractJavaProjectConfigurator - Adding source folder /banking_app/src/main/java
2020-12-27 14:21:11,035 [Worker-3: Updating Maven Project] INFO  o.e.m.j.i.AbstractJavaProjectConfigurator - Adding resource folder /banking_app/src/main/resources
2020-12-27 14:21:11,035 [Worker-3: Updating Maven Project] INFO  o.e.m.j.i.AbstractJavaProjectConfigurator - Adding source folder /banking_app/src/test/java
2020-12-27 14:21:11,036 [Worker-3: Updating Maven Project] INFO  o.e.m.j.i.AbstractJavaProjectConfigurator - Adding resource folder /banking_app/src/test/resources
2020-12-27 14:21:11,127 [Worker-3: Updating Maven Project] INFO  o.e.m.c.i.p.ProjectConfigurationManager - Update completed: 0 sec
2020-12-27 14:21:11,261 [Worker-8: Building] WARN  o.e.m.c.i.embedder.EclipseLogger - Using platform encoding (Cp1252 actually) to copy filtered resources, i.e. build is platform dependent!
2020-12-27 14:21:11,263 [Worker-8: Building] INFO  o.e.m.c.i.embedder.EclipseLogger - Copying 0 resource
2020-12-27 14:21:11,267 [Worker-8: Building] WARN  o.e.m.c.i.embedder.EclipseLogger - Using platform encoding (Cp1252 actually) to copy filtered resources, i.e. build is platform dependent!
2020-12-27 14:21:11,269 [Worker-8: Building] INFO  o.e.m.c.i.embedder.EclipseLogger - Copying 0 resource
2020-12-27 14:21:14,329 [Worker-8: Building] INFO  o.e.m.c.i.l.LifecycleMappingFactory - Using org.eclipse.m2e.jdt.JarLifecycleMapping lifecycle mapping for MavenProject: com.app:banking_app:0.0.1-SNAPSHOT @ C:\Users\j_ola\Desktop\Project\banking_app\pom.xml.
2020-12-27 14:21:14,557 [Worker-8: Building] WARN  o.e.m.c.i.embedder.EclipseLogger - Using platform encoding (Cp1252 actually) to copy filtered resources, i.e. build is platform dependent!
2020-12-27 14:21:14,560 [Worker-8: Building] INFO  o.e.m.c.i.embedder.EclipseLogger - Copying 0 resource
2020-12-27 14:21:14,563 [Worker-8: Building] WARN  o.e.m.c.i.embedder.EclipseLogger - Using platform encoding (Cp1252 actually) to copy filtered resources, i.e. build is platform dependent!
2020-12-27 14:21:14,565 [Worker-8: Building] INFO  o.e.m.c.i.embedder.EclipseLogger - Copying 0 resource
2020-12-27 14:21:16,058 [Worker-9: Building] WARN  o.e.m.c.i.embedder.EclipseLogger - Using platform encoding (Cp1252 actually) to copy filtered resources, i.e. build is platform dependent!
2020-12-27 14:21:16,061 [Worker-9: Building] INFO  o.e.m.c.i.embedder.EclipseLogger - Copying 0 resource
2020-12-27 14:21:16,063 [Worker-9: Building] WARN  o.e.m.c.i.embedder.EclipseLogger - Using platform encoding (Cp1252 actually) to copy filtered resources, i.e. build is platform dependent!
2020-12-27 14:21:16,064 [Worker-9: Building] INFO  o.e.m.c.i.embedder.EclipseLogger - Copying 0 resource
2020-12-27 14:21:44,327 [Worker-9: Updating Maven Project] INFO  o.e.m.c.i.p.ProjectConfigurationManager - Update started
2020-12-27 14:21:44,615 [Worker-9: Updating Maven Project] INFO  o.e.m.c.i.l.LifecycleMappingFactory - Using org.eclipse.m2e.jdt.JarLifecycleMapping lifecycle mapping for MavenProject: com.app:banking_app:0.0.1-SNAPSHOT @ C:\Users\j_ola\Desktop\Project\banking_app\pom.xml.
2020-12-27 14:21:44,700 [Worker-9: Updating Maven Project] INFO  o.e.m.j.i.AbstractJavaProjectConfigurator - Adding source folder /banking_app/src/main/java
2020-12-27 14:21:44,700 [Worker-9: Updating Maven Project] INFO  o.e.m.j.i.AbstractJavaProjectConfigurator - Adding resource folder /banking_app/src/main/resources
2020-12-27 14:21:44,701 [Worker-9: Updating Maven Project] INFO  o.e.m.j.i.AbstractJavaProjectConfigurator - Adding source folder /banking_app/src/test/java
2020-12-27 14:21:44,701 [Worker-9: Updating Maven Project] INFO  o.e.m.j.i.AbstractJavaProjectConfigurator - Adding resource folder /banking_app/src/test/resources
2020-12-27 14:21:44,813 [Worker-9: Updating Maven Project] INFO  o.e.m.c.i.p.ProjectConfigurationManager - Update completed: 0 sec
2020-12-27 14:21:44,986 [Worker-7: Building] WARN  o.e.m.c.i.embedder.EclipseLogger - Using platform encoding (Cp1252 actually) to copy filtered resources, i.e. build is platform dependent!
2020-12-27 14:21:44,988 [Worker-7: Building] INFO  o.e.m.c.i.embedder.EclipseLogger - Copying 0 resource
2020-12-27 14:21:44,989 [Worker-7: Building] WARN  o.e.m.c.i.embedder.EclipseLogger - Using platform encoding (Cp1252 actually) to copy filtered resources, i.e. build is platform dependent!
2020-12-27 14:21:44,990 [Worker-7: Building] INFO  o.e.m.c.i.embedder.EclipseLogger - Copying 0 resource
